temp file                               
2
Cell Size
Declustered Mean
           .000            4.350
          1.000            4.350
          2.000            3.394
          3.000            2.982
          4.000            2.669
          5.000            2.524
          6.000            2.604
          7.000            2.560
          8.000            2.559
          9.000            2.702
         10.000            2.875
         11.000            2.822
         12.000            2.929
         13.000            2.926
         14.000            2.968
         15.000            2.988
         16.000            3.031
         17.000            3.108
         18.000            3.153
         19.000            3.458
         20.000            3.287
         21.000            3.315
         22.000            3.374
         23.000            3.569
         24.000            3.228
         25.000            3.450
