Model Variogram for Direction:  1
   1      .000       .00000      2      1.00000      1.00000
   1      .000       .20001      2       .79999       .79999
   2      .500       .25995      2       .74005       .74005
   3     1.000       .31960      2       .68040       .68040
   4     1.500       .37865      2       .62135       .62135
   5     2.000       .43680      2       .56320       .56320
   6     2.500       .49375      2       .50625       .50625
   7     3.000       .54920      2       .45080       .45080
   8     3.500       .60285      2       .39715       .39715
   9     4.000       .65440      2       .34560       .34560
  10     4.500       .70355      2       .29645       .29645
  11     5.000       .75000      2       .25000       .25000
  12     5.500       .79345      2       .20655       .20655
  13     6.000       .83360      2       .16640       .16640
  14     6.500       .87015      2       .12985       .12985
  15     7.000       .90280      2       .09720       .09720
  16     7.500       .93125      2       .06875       .06875
  17     8.000       .95520      2       .04480       .04480
  18     8.500       .97435      2       .02565       .02565
  19     9.000       .98840      2       .01160       .01160
  20     9.500       .99705      2       .00295       .00295
  21    10.000      1.00000      2       .00000       .00000
  22    10.500      1.00000      2       .00000       .00000
  23    11.000      1.00000      2       .00000       .00000
  24    11.500      1.00000      2       .00000       .00000
  25    12.000      1.00000      2       .00000       .00000
  26    12.500      1.00000      2       .00000       .00000
  27    13.000      1.00000      2       .00000       .00000
  28    13.500      1.00000      2       .00000       .00000
  29    14.000      1.00000      2       .00000       .00000
  30    14.500      1.00000      2       .00000       .00000
  31    15.000      1.00000      2       .00000       .00000
  32    15.500      1.00000      2       .00000       .00000
  33    16.000      1.00000      2       .00000       .00000
  34    16.500      1.00000      2       .00000       .00000
  35    17.000      1.00000      2       .00000       .00000
  36    17.500      1.00000      2       .00000       .00000
  37    18.000      1.00000      2       .00000       .00000
  38    18.500      1.00000      2       .00000       .00000
  39    19.000      1.00000      2       .00000       .00000
  40    19.500      1.00000      2       .00000       .00000
  41    20.000      1.00000      2       .00000       .00000
Model Variogram for Direction:  2
   1      .000       .00000      2      1.00000      1.00000
   1      .000       .20001      2       .79999       .79999
   2      .500       .31960      2       .68040       .68040
   3     1.000       .43680      2       .56320       .56320
   4     1.500       .54920      2       .45080       .45080
   5     2.000       .65440      2       .34560       .34560
   6     2.500       .75000      2       .25000       .25000
   7     3.000       .83360      2       .16640       .16640
   8     3.500       .90280      2       .09720       .09720
   9     4.000       .95520      2       .04480       .04480
  10     4.500       .98840      2       .01160       .01160
  11     5.000      1.00000      2       .00000       .00000
  12     5.500      1.00000      2       .00000       .00000
  13     6.000      1.00000      2       .00000       .00000
  14     6.500      1.00000      2       .00000       .00000
  15     7.000      1.00000      2       .00000       .00000
  16     7.500      1.00000      2       .00000       .00000
  17     8.000      1.00000      2       .00000       .00000
  18     8.500      1.00000      2       .00000       .00000
  19     9.000      1.00000      2       .00000       .00000
  20     9.500      1.00000      2       .00000       .00000
  21    10.000      1.00000      2       .00000       .00000
  22    10.500      1.00000      2       .00000       .00000
  23    11.000      1.00000      2       .00000       .00000
  24    11.500      1.00000      2       .00000       .00000
  25    12.000      1.00000      2       .00000       .00000
  26    12.500      1.00000      2       .00000       .00000
  27    13.000      1.00000      2       .00000       .00000
  28    13.500      1.00000      2       .00000       .00000
  29    14.000      1.00000      2       .00000       .00000
  30    14.500      1.00000      2       .00000       .00000
  31    15.000      1.00000      2       .00000       .00000
  32    15.500      1.00000      2       .00000       .00000
  33    16.000      1.00000      2       .00000       .00000
  34    16.500      1.00000      2       .00000       .00000
  35    17.000      1.00000      2       .00000       .00000
  36    17.500      1.00000      2       .00000       .00000
  37    18.000      1.00000      2       .00000       .00000
  38    18.500      1.00000      2       .00000       .00000
  39    19.000      1.00000      2       .00000       .00000
  40    19.500      1.00000      2       .00000       .00000
  41    20.000      1.00000      2       .00000       .00000
