Variogram Volume: nx  21 ny  21nz   1
 6   21   21    1 -10.000000     -10.000000         0.00000000  1.00000      1.00000      1.00000       1
variogram
number of pairs
head mean
tail mean
head variance
tail variance
     1.10672        39. 0.71134543     0.24580447     0.28964139E-39 0.28964139E-39
     0.69577        22. 0.79938024     0.33887622     0.51474597E-39 0.51474597E-39
     1.27279        22. 0.53926432     0.13425865E-02     0.00000000     0.00000000
     2.02563        26. 0.65025395     -.40366820         0.00000000     0.00000000
     1.75229        23. 0.63990676     -.16929649         0.00000000     0.00000000
     1.18028        35. 0.76029193     0.16789810         0.00000000     0.00000000
     0.91663        41. 0.37867096     0.26269546         0.00000000     0.00000000
     1.32650        18. 0.65214479     -.10046501         0.00000000     0.00000000
     0.97064        21. 0.40863785     -.13200819E-01     0.00000000     0.00000000
     2.22718        29. 0.14284955     0.68702683E-01     0.00000000     0.00000000
     1.71792        27. 0.35671040     -.33953157         0.00000000     0.00000000
     0.93379        26. 0.34277290     -.29480881E-02     0.00000000     0.00000000
     1.44576        25. 0.35028905     -.11652234         0.00000000     0.00000000
     1.33075        20. 0.24913594     -.10603698         0.00000000     0.00000000
     0.98709        15. 0.62132180     -.15061675         0.00000000     0.00000000
     0.78984        12. 0.54475617     -.78042157E-01     0.00000000     0.00000000
     0.75966         9. 0.24521525     -.40107188         0.00000000     0.00000000
     0.41205         9. -.24578111E-01 -.31012550         0.00000000     0.00000000
  -999.00000         1. -999.00000     -999.00000     -999.00000     -999.00000    
     0.85355         6. 0.17696719     -.31018952         0.00000000     0.00000000
  -999.00000         5. -999.00000     -999.00000     -999.00000     -999.00000    
     0.34625        38. 0.67458755     0.72846323         0.00000000     0.00000000
     0.87999        33. 0.93279630     0.41339204         0.00000000     0.00000000
     2.06011        20. 0.64453089     -.28782612         0.00000000     0.00000000
     1.86692        17. 0.51662034     0.51907808E-01     0.00000000     0.00000000
     1.42823        30. 0.41258445     -.46752132E-01     0.00000000     0.00000000
     1.03362        23. 0.88631284     0.31119275         0.00000000     0.00000000
     0.84059        38. 0.76622009     0.41863626         0.00000000     0.00000000
     1.19077        28. 0.50547987     -.25431940         0.00000000     0.00000000
     0.97251        17. 0.33742952     -.28868222         0.00000000     0.00000000
     1.93364        43. 0.40835080     -.65963216E-01     0.00000000     0.00000000
     1.48006        23. 0.26429373     -.28669789         0.00000000     0.00000000
     1.76718        32. 0.52251345     -.81530795E-01     0.00000000     0.00000000
     1.57376        24. 0.45674571     -.45608139         0.00000000     0.00000000
     1.81242        20. 0.30808371     -.30161119         0.00000000     0.00000000
     1.38792        20. 0.33101183     -.24854293         0.00000000     0.00000000
     1.09270        20. 0.61593258     -.69744371E-01     0.00000000     0.00000000
     0.69599        16. 0.33742321     -.19432783E-01     0.00000000     0.00000000
  -999.00000         3. -999.00000     -999.00000     -999.00000     -999.00000    
     0.43968         7. -.14535311     -.49448738         0.00000000     0.00000000
     0.85715         7. 0.56629550E-01 -.38484499         0.00000000     0.00000000
  -999.00000         3. -999.00000     -999.00000     -999.00000     -999.00000    
     1.16400        29. 0.43677232     0.20782213         0.00000000     0.00000000
     1.24177        30. 0.48810926     0.33431355E-01     0.00000000     0.00000000
     0.87905        31. 0.55877870     0.80745250E-01     0.00000000     0.00000000
     1.17675        28. 0.59978628     0.62781803E-01     0.00000000     0.00000000
     1.21800        27. 0.46654344     -.15446453         0.00000000     0.00000000
     0.45466        24. 0.38871792     0.89222200E-01     0.00000000     0.00000000
     0.76420        27. 0.48301899     0.17725556         0.00000000     0.00000000
     1.03463        20. 0.37891310     -.12914968E-01     0.00000000     0.00000000
     1.73412        25. 0.60345840     -.30803514         0.00000000     0.00000000
     1.35312        27. 0.25150225     0.20213185         0.00000000     0.00000000
     1.46878        41. 0.30170551     -.18755598         0.00000000     0.00000000
     1.30813        26. 0.20034488     -.11848913         0.00000000     0.00000000
     1.56914        30. 0.49201387     -.35601473         0.00000000     0.00000000
     2.50092        29. 0.64803815     -.43123096         0.00000000     0.00000000
     1.32675        26. 0.25378272     -.12654331         0.00000000     0.00000000
     0.69864        21. 0.24044114     -.16055349E-01     0.00000000     0.00000000
     0.31667         8. 0.12873414     -.14441735         0.00000000     0.00000000
     0.83587         9. 0.21550072E-01 -.25826755         0.00000000     0.00000000
     0.59803        12. 0.14937562E-01 -.60090238         0.00000000     0.00000000
     0.63695         8. -.10933435     -.29624680         0.00000000     0.00000000
     1.68828        14. 0.17779422     -.50945508         0.00000000     0.00000000
     0.69620        29. 0.56561130     0.36510938         0.00000000     0.00000000
     0.73911        21. 0.51774383     0.23446033E-01     0.00000000     0.00000000
     1.09098        22. 0.43018457     -.30152297E-02     0.00000000     0.00000000
     0.78811        52. 0.51268524     0.33800495         0.00000000     0.00000000
     0.75806        21. 0.54712367     0.18409550         0.00000000     0.00000000
     0.77050        48. 0.48706618     0.46981847         0.00000000     0.00000000
     1.14094        36. 0.29575822     0.59453029E-01     0.00000000     0.00000000
     0.68961        56. 0.54830170     0.33881828         0.00000000     0.00000000
     0.80211        53. 0.50950611     0.65917216E-01     0.00000000     0.00000000
     1.01874        31. 0.28262404     0.39312985E-01     0.00000000     0.00000000
     1.26097        35. 0.50990456     -.21499626         0.00000000     0.00000000
     0.48105        26. 0.20936362     -.21471748         0.00000000     0.00000000
     0.80727        19. 0.15294985     -.27794698         0.00000000     0.00000000
     2.08123        29. 0.48580229     -.39705509         0.00000000     0.00000000
     1.30520        24. 0.16703732     -.13033834E-01     0.00000000     0.00000000
     0.84572        19. 0.33197887E-01 -.65230973E-01     0.00000000     0.00000000
     0.67181        21. 0.19010694     -.99464245E-01     0.00000000     0.00000000
     0.46147        12. 0.23803620     -.76257251E-01     0.00000000     0.00000000
     0.71966        12. 0.27039328     -.27124050         0.00000000     0.00000000
     0.46127        12. 0.13341297E-01 -.40097511         0.00000000     0.00000000
     1.10976         8. 0.19223481     -.17350444         0.00000000     0.00000000
     1.47668        29. 0.32427198     0.17313321         0.00000000     0.00000000
     1.03092        23. 0.66023582     0.55816755E-01     0.00000000     0.00000000
     0.80256        44. 0.50696361     0.16245946         0.00000000     0.00000000
     0.61552        27. 0.54705071     0.35451958         0.00000000     0.00000000
     0.63689        36. 0.68716109     0.28601888         0.00000000     0.00000000
     1.20541        38. 0.35304689     -.20258486E-01     0.00000000     0.00000000
     1.67519        26. 0.71304791E-01 0.19803168         0.00000000     0.00000000
     1.06013        36. 0.33339477     -.16359377         0.00000000     0.00000000
     1.16333        44. 0.36455107     0.15631670         0.00000000     0.00000000
     1.15143        35. 0.30268666     0.61215285E-01     0.00000000     0.00000000
     1.38908        55. 0.28945810     -.71358822E-01     0.00000000     0.00000000
     0.74501        20. 0.88756401E-02 -.33373095E-01     0.00000000     0.00000000
     0.90337        40. 0.39264375     0.14284712E-01     0.00000000     0.00000000
     1.16516        29. 0.34739888     -.30119258         0.00000000     0.00000000
     0.69924        26. 0.18376957     0.38020875E-01     0.00000000     0.00000000
     1.28309        21. 0.33892608     0.59406534E-02     0.00000000     0.00000000
     0.90221        24. 0.95375717E-01 -.11397191         0.00000000     0.00000000
     0.38848        12. 0.34741619     0.43175060E-01     0.00000000     0.00000000
     0.40212        12. -.82083397E-01 -.32047918         0.00000000     0.00000000
     0.69072        10. 0.14734134     -.14360665         0.00000000     0.00000000
     0.23458         6. 0.10181280     0.56666553E-01     0.00000000     0.00000000
     1.46011        25. 0.27634490     0.18996632         0.00000000     0.00000000
     0.97463        39. 0.30045149     0.22829132         0.00000000     0.00000000
     1.22508        42. 0.50051212     0.27102417         0.00000000     0.00000000
     0.28886        53. 0.49611053     0.50424951         0.00000000     0.00000000
     0.60583        37. 0.44776887     0.10907701         0.00000000     0.00000000
     1.01700        22. 0.48139942     0.13778679         0.00000000     0.00000000
     1.62563        39. 0.25791302     -.49536016E-01     0.00000000     0.00000000
     0.46549        36. 0.36908901     0.17247261         0.00000000     0.00000000
     0.80997        54. 0.32797942     0.36318478         0.00000000     0.00000000
     1.05225        45. 0.22351265     0.23799378         0.00000000     0.00000000
     1.23124        44. 0.16786763     -.26398810E-01     0.00000000     0.00000000
     1.52451        58. 0.31838313     -.42633630E-01     0.00000000     0.00000000
     0.89973        53. 0.38331759     0.16059741E-01     0.00000000     0.00000000
     0.64250        52. 0.62765729     0.23719829         0.00000000     0.00000000
     0.98779        33. 0.24309228     0.85098952E-01     0.00000000     0.00000000
     0.62219        14. 0.40036291E-01 0.13168287         0.00000000     0.00000000
     1.96972        21. 0.53512698     -.31779101         0.00000000     0.00000000
     0.76354        16. -.22053722     0.14504436         0.00000000     0.00000000
     0.90733        24. -.43031115E-01 0.26103106         0.00000000     0.00000000
     0.94428        16. -.11955261     0.14812590         0.00000000     0.00000000
     0.93755        22. 0.18756986E-01 0.77796347E-01     0.00000000     0.00000000
     1.32895        28. 0.22599550     -.56825209E-01     0.00000000     0.00000000
     1.57571        26. 0.55946910     -.94424166E-01     0.00000000     0.00000000
     0.98611        29. 0.44005659     0.19202116         0.00000000     0.00000000
     0.68967        48. 0.73402911     0.37163970         0.00000000     0.00000000
     0.64117        33. 0.43824336     0.17469873         0.00000000     0.00000000
     1.02996        52. 0.42702419     0.14515004         0.00000000     0.00000000
     0.86752        42. 0.17628515     0.24331488         0.00000000     0.00000000
     0.82785        45. 0.32544172     0.21291110         0.00000000     0.00000000
     0.85110        44. 0.22981176     0.17532210         0.00000000     0.00000000
     1.17156        47. 0.16514763     0.16237268E-01     0.00000000     0.00000000
     1.34019        47. 0.16607410     0.42743962E-01     0.00000000     0.00000000
     1.43491        71. 0.27049378     0.10244092         0.00000000     0.00000000
     0.87811        39. 0.41418725     0.20755269         0.00000000     0.00000000
     0.57503        61. 0.47769457     0.32272834         0.00000000     0.00000000
     1.08195        35. 0.23068194     -.15333813         0.00000000     0.00000000
     1.03184        38. 0.33481875     0.66120975E-01     0.00000000     0.00000000
     1.01851        30. 0.96782669E-01 -.18186791         0.00000000     0.00000000
     1.25373        24. 0.11670291     0.92280664E-01     0.00000000     0.00000000
     0.89782        23. 0.18490192     0.18042410E-01     0.00000000     0.00000000
     0.64257        19. -.12008333     0.59430361E-01     0.00000000     0.00000000
     1.61639        14. 0.22887968     -.33054474         0.00000000     0.00000000
     1.06175        37. 0.20920771     0.42566845         0.00000000     0.00000000
     1.30476        29. 0.47920805     0.88139549E-01     0.00000000     0.00000000
     1.03303        39. 0.18405008     0.13228135         0.00000000     0.00000000
     1.16042        30. 0.17130210     0.33903632         0.00000000     0.00000000
     0.60678        28. 0.25387430     0.37641197E-01     0.00000000     0.00000000
     0.48522        28. 0.27486384     0.15189205         0.00000000     0.00000000
     0.91359        32. 0.16770521     0.20601681         0.00000000     0.00000000
     0.93160        61. 0.24262384     0.13027675         0.00000000     0.00000000
     1.01458        48. 0.15585406     0.18352602         0.00000000     0.00000000
     0.70064        56. 0.32968035     0.23462379         0.00000000     0.00000000
     0.95225        73. 0.48462331     -.15908483E-01     0.00000000     0.00000000
     1.08299        69. 0.55174828     0.18323152         0.00000000     0.00000000
     0.98036        77. 0.64651859     0.36250049         0.00000000     0.00000000
     0.57935        67. 0.57518786     0.28562036         0.00000000     0.00000000
     0.94664        30. 0.83905719E-01 0.15762433         0.00000000     0.00000000
     0.82882        27. 0.35684529     0.75204007E-01     0.00000000     0.00000000
     1.54942        31. 0.14854343     -.59743073E-01     0.00000000     0.00000000
     1.58670        30. 0.20743331     -.48437525E-01     0.00000000     0.00000000
     0.88196        32. 0.19433206     0.90082012E-01     0.00000000     0.00000000
     0.77596        24. 0.88788860E-01 0.22993781         0.00000000     0.00000000
     1.50473        25. 0.24973841     -.36734764E-01     0.00000000     0.00000000
     1.03590        28. 0.42548755     0.35222611         0.00000000     0.00000000
     1.64835        39. 0.22763066     0.47895543E-01     0.00000000     0.00000000
     1.41141        37. 0.15684153     0.29099208         0.00000000     0.00000000
     1.34544        28. 0.12949553E-01 0.11498357         0.00000000     0.00000000
     0.61198        48. 0.42052498     0.32364899         0.00000000     0.00000000
     0.45928        62. 0.55757481     0.47633463         0.00000000     0.00000000
     0.66617        42. 0.17445976     0.26873124         0.00000000     0.00000000
     0.68042        50. 0.23949754     0.26838571         0.00000000     0.00000000
     0.86100        44. 0.15913390     0.13561279         0.00000000     0.00000000
     0.65560        72. 0.41643295     0.41673011         0.00000000     0.00000000
     0.33980        86. 0.49967039     0.56579429         0.00000000     0.00000000
     0.80851        75. 0.42208534     0.30347759         0.00000000     0.00000000
     0.90263        63. 0.38994855     0.21956615         0.00000000     0.00000000
     0.93228        55. 0.52904451     0.20992297         0.00000000     0.00000000
     1.20092        46. 0.43900776     -.12522870         0.00000000     0.00000000
     1.39309        43. 0.48028046     -.16683290E-01     0.00000000     0.00000000
     1.24320        38. 0.22022082     0.19090876         0.00000000     0.00000000
     1.05613        23. 0.26980993     0.16570072         0.00000000     0.00000000
     0.81658        28. 0.11607980     0.70780315E-01     0.00000000     0.00000000
     0.66579        30. 0.29315078     0.22827920         0.00000000     0.00000000
     1.30225        21. 0.67643754E-01 0.14501920         0.00000000     0.00000000
     0.66515        38. 0.36739767     0.39853823         0.00000000     0.00000000
     1.22258        52. 0.48023385     0.35069469         0.00000000     0.00000000
     0.95400        41. 0.34216973     0.10422889         0.00000000     0.00000000
     1.23351        47. 0.11653292     0.18158272         0.00000000     0.00000000
     0.60441        42. 0.29931131     0.16572249         0.00000000     0.00000000
     0.78650        44. 0.17401555     0.31833535         0.00000000     0.00000000
     0.58997        59. 0.26519021     0.39144182         0.00000000     0.00000000
     0.97643        47. 0.14684244     0.66727713E-01     0.00000000     0.00000000
     1.14592        62. -.89580091E-02 0.39449787         0.00000000     0.00000000
     0.52366        68. 0.47417197     0.41002524         0.00000000     0.00000000
     0.38297        74. 0.52284765     0.51113623         0.00000000     0.00000000
     0.52617        62. 0.49610215     0.37674597         0.00000000     0.00000000
     0.80969        71. 0.30687958     0.68975084E-01     0.00000000     0.00000000
     1.03343        64. 0.32805902     0.25924408         0.00000000     0.00000000
     0.75241        44. 0.19631349     0.54942071E-01     0.00000000     0.00000000
     1.12543        42. 0.27303025     0.22397897         0.00000000     0.00000000
     1.08391        47. 0.22851983     0.18101062         0.00000000     0.00000000
     1.38044        36. 0.31965974     0.72078995E-01     0.00000000     0.00000000
     0.79163        25. 0.12721488     0.27760297         0.00000000     0.00000000
     0.70401        31. 0.16995917     0.10974820         0.00000000     0.00000000
     0.73367        18. 0.15950172     0.22361729         0.00000000     0.00000000
     0.77944        37. 0.41797864     0.35177276         0.00000000     0.00000000
     0.75553        25. 0.17631111     0.18707471         0.00000000     0.00000000
     1.25402        38. 0.23195367     -.22682548E-01     0.00000000     0.00000000
     0.77177        21. 0.13896161     -.86066835E-01     0.00000000     0.00000000
     1.18099        35. 0.23157008     0.15195195         0.00000000     0.00000000
     0.62133        51. 0.28542966     0.37389386         0.00000000     0.00000000
     0.65151        38. 0.33652085     0.30533335         0.00000000     0.00000000
     1.01158        53. -.18918069E-01 0.33178923         0.00000000     0.00000000
     0.64933        80. 0.31172931     0.33919269         0.00000000     0.00000000
     0.32738        65. 0.55478048     0.58997142         0.00000000     0.00000000
     0.10850       332. 0.58278078     0.58278066         0.00000000     0.00000000
     0.32738        65. 0.58997124     0.55478036         0.00000000     0.00000000
     0.64933        80. 0.33919269     0.31172928         0.00000000     0.00000000
     1.01158        53. 0.33178920     -.18918147E-01     0.00000000     0.00000000
     0.65151        38. 0.30533335     0.33652088         0.00000000     0.00000000
     0.62133        51. 0.37389386     0.28542963         0.00000000     0.00000000
     1.18099        35. 0.15195197     0.23157005         0.00000000     0.00000000
     0.77177        21. -.86066872E-01 0.13896163         0.00000000     0.00000000
     1.25402        38. -.22682574E-01 0.23195374         0.00000000     0.00000000
     0.75553        25. 0.18707471     0.17631103         0.00000000     0.00000000
     0.77944        37. 0.35177273     0.41797861         0.00000000     0.00000000
     0.73367        18. 0.22361732     0.15950172         0.00000000     0.00000000
     0.70401        31. 0.10974815     0.16995919         0.00000000     0.00000000
     0.79163        25. 0.27760297     0.12721489         0.00000000     0.00000000
     1.38044        36. 0.72079010E-01 0.31965977         0.00000000     0.00000000
     1.08391        47. 0.18101065     0.22851987         0.00000000     0.00000000
     1.12543        42. 0.22397900     0.27303025         0.00000000     0.00000000
     0.75241        44. 0.54942068E-01 0.19631349         0.00000000     0.00000000
     1.03343        64. 0.25924417     0.32805917         0.00000000     0.00000000
     0.80969        71. 0.68975098E-01 0.30687964         0.00000000     0.00000000
     0.52617        62. 0.37674591     0.49610206         0.00000000     0.00000000
     0.38297        74. 0.51113641     0.52284753         0.00000000     0.00000000
     0.52366        68. 0.41002524     0.47417197         0.00000000     0.00000000
     1.14592        62. 0.39449790     -.89580668E-02     0.00000000     0.00000000
     0.97643        47. 0.66727713E-01 0.14684246         0.00000000     0.00000000
     0.58997        59. 0.39144194     0.26519024         0.00000000     0.00000000
     0.78650        44. 0.31833529     0.17401555         0.00000000     0.00000000
     0.60441        42. 0.16572249     0.29931131         0.00000000     0.00000000
     1.23351        47. 0.18158267     0.11653294         0.00000000     0.00000000
     0.95400        41. 0.10422891     0.34216970         0.00000000     0.00000000
     1.22258        52. 0.35069472     0.48023394         0.00000000     0.00000000
     0.66515        38. 0.39853826     0.36739773         0.00000000     0.00000000
     1.30225        21. 0.14501919     0.67643762E-01     0.00000000     0.00000000
     0.66579        30. 0.22827925     0.29315075         0.00000000     0.00000000
     0.81658        28. 0.70780307E-01 0.11607981         0.00000000     0.00000000
     1.05613        23. 0.16570069     0.26980990         0.00000000     0.00000000
     1.24320        38. 0.19090874     0.22022086         0.00000000     0.00000000
     1.39309        43. -.16683251E-01 0.48028049         0.00000000     0.00000000
     1.20092        46. -.12522872     0.43900758         0.00000000     0.00000000
     0.93228        55. 0.20992301     0.52904451         0.00000000     0.00000000
     0.90263        63. 0.21956614     0.38994852         0.00000000     0.00000000
     0.80851        75. 0.30347764     0.42208526         0.00000000     0.00000000
     0.33980        86. 0.56579459     0.49967003         0.00000000     0.00000000
     0.65560        72. 0.41673025     0.41643298         0.00000000     0.00000000
     0.86100        44. 0.13561276     0.15913388         0.00000000     0.00000000
     0.68042        50. 0.26838565     0.23949762         0.00000000     0.00000000
     0.66617        42. 0.26873115     0.17445976         0.00000000     0.00000000
     0.45928        62. 0.47633466     0.55757475         0.00000000     0.00000000
     0.61198        48. 0.32364899     0.42052504         0.00000000     0.00000000
     1.34544        28. 0.11498358     0.12949558E-01     0.00000000     0.00000000
     1.41141        37. 0.29099208     0.15684153         0.00000000     0.00000000
     1.64835        39. 0.47895513E-01 0.22763069         0.00000000     0.00000000
     1.03590        28. 0.35222617     0.42548752         0.00000000     0.00000000
     1.50473        25. -.36734745E-01 0.24973837         0.00000000     0.00000000
     0.77596        24. 0.22993787     0.88788889E-01     0.00000000     0.00000000
     0.88196        32. 0.90082005E-01 0.19433202         0.00000000     0.00000000
     1.58670        30. -.48437517E-01 0.20743324         0.00000000     0.00000000
     1.54942        31. -.59743039E-01 0.14854345         0.00000000     0.00000000
     0.82882        27. 0.75204030E-01 0.35684532         0.00000000     0.00000000
     0.94664        30. 0.15762432     0.83905727E-01     0.00000000     0.00000000
     0.57935        67. 0.28562033     0.57518786         0.00000000     0.00000000
     0.98036        77. 0.36250046     0.64651853         0.00000000     0.00000000
     1.08299        69. 0.18323152     0.55174828         0.00000000     0.00000000
     0.95225        73. -.15908573E-01 0.48462316         0.00000000     0.00000000
     0.70064        56. 0.23462377     0.32968041         0.00000000     0.00000000
     1.01458        48. 0.18352604     0.15585399         0.00000000     0.00000000
     0.93160        61. 0.13027677     0.24262387         0.00000000     0.00000000
     0.91359        32. 0.20601682     0.16770525         0.00000000     0.00000000
     0.48522        28. 0.15189204     0.27486387         0.00000000     0.00000000
     0.60678        28. 0.37641205E-01 0.25387433         0.00000000     0.00000000
     1.16042        30. 0.33903638     0.17130210         0.00000000     0.00000000
     1.03303        39. 0.13228135     0.18405011         0.00000000     0.00000000
     1.30476        29. 0.88139586E-01 0.47920808         0.00000000     0.00000000
     1.06175        37. 0.42566851     0.20920770         0.00000000     0.00000000
     1.61639        14. -.33054474     0.22887969         0.00000000     0.00000000
     0.64257        19. 0.59430379E-01 -.12008335         0.00000000     0.00000000
     0.89782        23. 0.18042371E-01 0.18490186         0.00000000     0.00000000
     1.25373        24. 0.92280656E-01 0.11670294         0.00000000     0.00000000
     1.01851        30. -.18186787     0.96782707E-01     0.00000000     0.00000000
     1.03184        38. 0.66120997E-01 0.33481878         0.00000000     0.00000000
     1.08195        35. -.15333810     0.23068194         0.00000000     0.00000000
     0.57503        61. 0.32272831     0.47769445         0.00000000     0.00000000
     0.87811        39. 0.20755264     0.41418725         0.00000000     0.00000000
     1.43491        71. 0.10244099     0.27049381         0.00000000     0.00000000
     1.34019        47. 0.42743877E-01 0.16607410         0.00000000     0.00000000
     1.17156        47. 0.16237231E-01 0.16514765         0.00000000     0.00000000
     0.85110        44. 0.17532209     0.22981182         0.00000000     0.00000000
     0.82785        45. 0.21291105     0.32544169         0.00000000     0.00000000
     0.86752        42. 0.24331483     0.17628519         0.00000000     0.00000000
     1.02996        52. 0.14515004     0.42702422         0.00000000     0.00000000
     0.64117        33. 0.17469868     0.43824345         0.00000000     0.00000000
     0.68967        48. 0.37163961     0.73402888         0.00000000     0.00000000
     0.98611        29. 0.19202116     0.44005662         0.00000000     0.00000000
     1.57571        26. -.94424136E-01 0.55946916         0.00000000     0.00000000
     1.32895        28. -.56825228E-01 0.22599550         0.00000000     0.00000000
     0.93755        22. 0.77796355E-01 0.18756988E-01     0.00000000     0.00000000
     0.94428        16. 0.14812589     -.11955262         0.00000000     0.00000000
     0.90733        24. 0.26103112     -.43031085E-01     0.00000000     0.00000000
     0.76354        16. 0.14504436     -.22053711         0.00000000     0.00000000
     1.96972        21. -.31779084     0.53512698         0.00000000     0.00000000
     0.62219        14. 0.13168289     0.40036302E-01     0.00000000     0.00000000
     0.98779        33. 0.85098974E-01 0.24309219         0.00000000     0.00000000
     0.64250        52. 0.23719832     0.62765718         0.00000000     0.00000000
     0.89973        53. 0.16059708E-01 0.38331759         0.00000000     0.00000000
     1.52451        58. -.42633664E-01 0.31838316         0.00000000     0.00000000
     1.23124        44. -.26398856E-01 0.16786763         0.00000000     0.00000000
     1.05225        45. 0.23799378     0.22351265         0.00000000     0.00000000
     0.80997        54. 0.36318481     0.32797945         0.00000000     0.00000000
     0.46549        36. 0.17247266     0.36908898         0.00000000     0.00000000
     1.62563        39. -.49535971E-01 0.25791311         0.00000000     0.00000000
     1.01700        22. 0.13778679     0.48139942         0.00000000     0.00000000
     0.60583        37. 0.10907703     0.44776875         0.00000000     0.00000000
     0.28886        53. 0.50424951     0.49611041         0.00000000     0.00000000
     1.22508        42. 0.27102426     0.50051206         0.00000000     0.00000000
     0.97463        39. 0.22829139     0.30045161         0.00000000     0.00000000
     1.46011        25. 0.18996629     0.27634490         0.00000000     0.00000000
     0.23458         6. 0.56666553E-01 0.10181280         0.00000000     0.00000000
     0.69072        10. -.14360665     0.14734134         0.00000000     0.00000000
     0.40212        12. -.32047918     -.82083397E-01     0.00000000     0.00000000
     0.38848        12. 0.43175071E-01 0.34741619         0.00000000     0.00000000
     0.90221        24. -.11397197     0.95375717E-01     0.00000000     0.00000000
     1.28309        21. 0.59406217E-02 0.33892605         0.00000000     0.00000000
     0.69924        26. 0.38020875E-01 0.18376960         0.00000000     0.00000000
     1.16516        29. -.30119252     0.34739897         0.00000000     0.00000000
     0.90337        40. 0.14284687E-01 0.39264384         0.00000000     0.00000000
     0.74501        20. -.33373095E-01 0.88756429E-02     0.00000000     0.00000000
     1.38908        55. -.71358792E-01 0.28945819         0.00000000     0.00000000
     1.15143        35. 0.61215252E-01 0.30268666         0.00000000     0.00000000
     1.16333        44. 0.15631668     0.36455107         0.00000000     0.00000000
     1.06013        36. -.16359381     0.33339480         0.00000000     0.00000000
     1.67519        26. 0.19803163     0.71304791E-01     0.00000000     0.00000000
     1.20541        38. -.20258408E-01 0.35304689         0.00000000     0.00000000
     0.63689        36. 0.28601885     0.68716109         0.00000000     0.00000000
     0.61552        27. 0.35451952     0.54705077         0.00000000     0.00000000
     0.80256        44. 0.16245943     0.50696361         0.00000000     0.00000000
     1.03092        23. 0.55816706E-01 0.66023576         0.00000000     0.00000000
     1.47668        29. 0.17313319     0.32427195         0.00000000     0.00000000
     1.10976         8. -.17350444     0.19223478         0.00000000     0.00000000
     0.46127        12. -.40097511     0.13341290E-01     0.00000000     0.00000000
     0.71966        12. -.27124050     0.27039328         0.00000000     0.00000000
     0.46147        12. -.76257259E-01 0.23803620         0.00000000     0.00000000
     0.67181        21. -.99464267E-01 0.19010694         0.00000000     0.00000000
     0.84572        19. -.65230988E-01 0.33197898E-01     0.00000000     0.00000000
     1.30520        24. -.13033834E-01 0.16703726         0.00000000     0.00000000
     2.08123        29. -.39705512     0.48580226         0.00000000     0.00000000
     0.80727        19. -.27794701     0.15294985         0.00000000     0.00000000
     0.48105        26. -.21471749     0.20936362         0.00000000     0.00000000
     1.26097        35. -.21499625     0.50990456         0.00000000     0.00000000
     1.01874        31. 0.39312948E-01 0.28262395         0.00000000     0.00000000
     0.80211        53. 0.65917253E-01 0.50950611         0.00000000     0.00000000
     0.68961        56. 0.33881816     0.54830164         0.00000000     0.00000000
     1.14094        36. 0.59453025E-01 0.29575822         0.00000000     0.00000000
     0.77050        48. 0.46981832     0.48706606         0.00000000     0.00000000
     0.75806        21. 0.18409550     0.54712379         0.00000000     0.00000000
     0.78811        52. 0.33800492     0.51268518         0.00000000     0.00000000
     1.09098        22. -.30151741E-02 0.43018463         0.00000000     0.00000000
     0.73911        21. 0.23445979E-01 0.51774395         0.00000000     0.00000000
     0.69620        29. 0.36510935     0.56561130         0.00000000     0.00000000
     1.68828        14. -.50945508     0.17779423         0.00000000     0.00000000
     0.63695         8. -.29624683     -.10933437         0.00000000     0.00000000
     0.59803        12. -.60090238     0.14937568E-01     0.00000000     0.00000000
     0.83587         9. -.25826758     0.21550050E-01     0.00000000     0.00000000
     0.31667         8. -.14441735     0.12873414         0.00000000     0.00000000
     0.69864        21. -.16055357E-01 0.24044114         0.00000000     0.00000000
     1.32675        26. -.12654331     0.25378272         0.00000000     0.00000000
     2.50092        29. -.43123099     0.64803815         0.00000000     0.00000000
     1.56914        30. -.35601473     0.49201384         0.00000000     0.00000000
     1.30813        26. -.11848915     0.20034480         0.00000000     0.00000000
     1.46878        41. -.18755600     0.30170554         0.00000000     0.00000000
     1.35312        27. 0.20213185     0.25150210         0.00000000     0.00000000
     1.73412        25. -.30803514     0.60345846         0.00000000     0.00000000
     1.03463        20. -.12915012E-01 0.37891310         0.00000000     0.00000000
     0.76420        27. 0.17725554     0.48301899         0.00000000     0.00000000
     0.45466        24. 0.89222200E-01 0.38871789         0.00000000     0.00000000
     1.21800        27. -.15446450     0.46654353         0.00000000     0.00000000
     1.17675        28. 0.62781818E-01 0.59978634         0.00000000     0.00000000
     0.87905        31. 0.80745272E-01 0.55877864         0.00000000     0.00000000
     1.24177        30. 0.33431359E-01 0.48810929         0.00000000     0.00000000
     1.16400        29. 0.20782216     0.43677232         0.00000000     0.00000000
  -999.00000         3. -999.00000     -999.00000     -999.00000     -999.00000    
     0.85715         7. -.38484499     0.56629550E-01     0.00000000     0.00000000
     0.43968         7. -.49448735     -.14535312         0.00000000     0.00000000
  -999.00000         3. -999.00000     -999.00000     -999.00000     -999.00000    
     0.69599        16. -.19432798E-01 0.33742315         0.00000000     0.00000000
     1.09270        20. -.69744349E-01 0.61593258         0.00000000     0.00000000
     1.38792        20. -.24854282     0.33101180         0.00000000     0.00000000
     1.81242        20. -.30161119     0.30808362         0.00000000     0.00000000
     1.57376        24. -.45608130     0.45674565         0.00000000     0.00000000
     1.76718        32. -.81530765E-01 0.52251351         0.00000000     0.00000000
     1.48006        23. -.28669795     0.26429370         0.00000000     0.00000000
     1.93364        43. -.65963157E-01 0.40835071         0.00000000     0.00000000
     0.97251        17. -.28868222     0.33742949         0.00000000     0.00000000
     1.19077        28. -.25431934     0.50547987         0.00000000     0.00000000
     0.84059        38. 0.41863623     0.76622009         0.00000000     0.00000000
     1.03362        23. 0.31119272     0.88631284         0.00000000     0.00000000
     1.42823        30. -.46752047E-01 0.41258457         0.00000000     0.00000000
     1.86692        17. 0.51907837E-01 0.51662040         0.00000000     0.00000000
     2.06011        20. -.28782615     0.64453107         0.00000000     0.00000000
     0.87999        33. 0.41339207     0.93279618         0.00000000     0.00000000
     0.34625        38. 0.72846335     0.67458749         0.00000000     0.00000000
  -999.00000         5. -999.00000     -999.00000     -999.00000     -999.00000    
     0.85355         6. -.31018949     0.17696719         0.00000000     0.00000000
  -999.00000         1. -999.00000     -999.00000     -999.00000     -999.00000    
     0.41205         9. -.31012550     -.24578104E-01     0.00000000     0.00000000
     0.75966         9. -.40107191     0.24521528         0.00000000     0.00000000
     0.78984        12. -.78042135E-01 0.54475617         0.00000000     0.00000000
     0.98709        15. -.15061679     0.62132180         0.00000000     0.00000000
     1.33075        20. -.10603698     0.24913594         0.00000000     0.00000000
     1.44575        25. -.11652239     0.35028908         0.00000000     0.00000000
     0.93379        26. -.29481077E-02 0.34277290         0.00000000     0.00000000
     1.71792        27. -.33953157     0.35671040         0.00000000     0.00000000
     2.22718        29. 0.68702690E-01 0.14284949         0.00000000     0.00000000
     0.97064        21. -.13200808E-01 0.40863791         0.00000000     0.00000000
     1.32650        18. -.10046506     0.65214479         0.00000000     0.00000000
     0.91663        41. 0.26269537     0.37867087         0.00000000     0.00000000
     1.18028        35. 0.16789813     0.76029187         0.00000000     0.00000000
     1.75229        23. -.16929646     0.63990682         0.00000000     0.00000000
     2.02563        26. -.40366814     0.65025395         0.00000000     0.00000000
     1.27279        22. 0.13425648E-02 0.53926444         0.00000000     0.00000000
     0.69577        22. 0.33887613     0.79938012         0.00000000     0.00000000
     1.10672        39. 0.24580444     0.71134537         0.00000000     0.00000000
