KT3D ESTIMATES WITH:  Clustered 140 primary and secondary data                  
 2   50   50    1  .50000000      .50000000      .50000000      1.00000      1.00000      1.00000       1
Estimate
EstimationVariance
 2.8727570      .71070730    
 2.6892450      .59750930    
 2.3328290      .51630530    
 1.8493860      .52051170    
 1.2108130      .52048760    
 .72516760      .51555630    
 .54149780      .59510240    
 .69342740      .70035580    
 .72420550      .78128980    
 .79004910      .82712110    
 1.0578870      .83489580    
 1.1206290      .81720240    
 1.1658510      .78782030    
 1.2310060      .76040240    
 1.1711550      .74330340    
 1.0747360      .73753160    
 .99878290      .73156910    
 .91211500      .71187890    
 .81486110      .66373840    
 .69951930      .58704000    
 .69414810      .53292010    
 .80212180      .57968070    
 .94663910      .64368360    
 1.0676030      .66691650    
 1.1848580      .64072280    
 1.2453700      .57661970    
 1.3109950      .53242840    
 1.4879350      .59815850    
 1.7095210      .70689550    
 1.8577110      .80455520    
 1.9448260      .88028190    
 1.9691350      .93174420    
 1.9300280      .96085830    
 1.9645330      .97065940    
 1.9712970      .96823850    
 1.9592370      .95870600    
 1.9087350      .94669930    
 1.8599000      .93696230    
 1.8105270      .93337560    
 1.7458040      .93576050    
 1.6743870      .93946560    
 1.5915480      .93502560    
 1.5038440      .91166730    
 1.4021230      .86268720    
 1.2789820      .78406730    
 1.1168350      .67413450    
 .93377700      .53252600    
 .30999990      .00000000    
 .94785560      .53663760    
 1.1804800      .68278170    
 3.6232180      .67372310    
 3.4488070      .53034510    
 3.3300000      .00000000    
 2.4454670      .45380670    
 1.5852380      .45402790    
 .59999940E-01  .00000000    
 .46396210      .52802340    
 .51637180      .65889730    
 .45892680      .74429330    
 .47205620      .78534940    
 .82053640      .78013620    
 .85771720      .74266000    
 .96952750      .69002260    
 .92648520      .64261650    
 .86137660      .62245510    
 .77628580      .62392840    
 .70553700      .63737060    
 .64449660      .63917410    
 .55880550      .60074990    
 .42978160      .50703050    
 .89999910E-01  .00000000    
 .58212840      .50153100    
 .79068160      .58827190    
 .96012910      .61323150    
 1.1139450      .57859130    
 1.1727990      .49102280    
 .89000000      .00000000    
 1.4523680      .52423540    
 1.7023070      .66686940    
 1.8600450      .77826500    
 1.9170960      .86056180    
 1.8825410      .91227970    
 1.8547580      .93768720    
 1.8541000      .94269740    
 1.8195620      .93490700    
 1.7727680      .91898200    
 1.6964090      .89954600    
 1.6209500      .88279530    
 1.5663060      .87574770    
 1.5135120      .88050960    
 1.4663080      .89093980    
 1.4154060      .89567180    
 1.3653320      .88116940    
 1.3051720      .84015920    
 1.2262260      .77119070    
 1.1048690      .67826300    
 .99381180      .57579680    
 .94111680      .52079020    
 1.0493900      .59195690    
 1.2375150      .70832280    
 4.5960280      .67989210    
 4.4076370      .57284200    
 4.1732820      .50012280    
 3.4414190      .51008450    
 2.3449740      .51056380    
 1.3290350      .50352500    
 .75591210      .57354740    
 .55815390      .66294800    
 .35852500      .72533920    
 .25162550      .74936010    
 .38527150      .72826920    
 .62992180      .66934170    
 .70472050      .57989760    
 .62941410      .50055390    
 .56555290      .48714320    
 .49339450      .48956450    
 .43421050      .54078330    
 .43253290      .58234690    
 .38705190      .57454820    
 .30633440      .52172160    
 .33593140      .47611310    
 .49687910      .51402550    
 .71867670      .56560790    
 .94392760      .57719860    
 1.1415150      .54213210    
 1.2423830      .48470210    
 1.3818680      .46431360    
 1.5465490      .54898180    
 1.7488160      .66763930    
 1.8801400      .76870570    
 1.8850630      .84035350    
 1.7878360      .88615720    
 1.7889060      .90267870    
 1.7404130      .90162030    
 1.6588120      .88786610    
 1.5541090      .86391290    
 1.4422100      .83299140    
 1.3391380      .80432920    
 1.2838990      .79112920    
 1.2563270      .80012480    
 1.2527120      .82193520    
 1.2587260      .84025340    
 1.2636620      .83872940    
 1.2603690      .81034650    
 1.2103340      .75829650    
 1.1832000      .69479980    
 1.1569100      .64166550    
 1.1679280      .63008460    
 1.2427780      .67816290    
 1.3737190      .76080230    
 5.7690740      .69640070    
 5.9819580      .63474940    
 5.4661930      .60166760    
 4.6002660      .60297760    
 3.2195800      .60295210    
 2.0900370      .61239730    
 1.2134270      .64310840    
 .72860350      .68313720    
 .39435350      .70961520    
 .16033270      .71338750    
 .18370100      .68306080    
 .46946310      .61815140    
 .51823620      .50638830    
 .19000010      .00000000    
 .35138810      .40551410    
 .99999900E-01  .00000000    
 .28516010      .47865250    
 .30624040      .54825900    
 .26305600      .56167860    
 .26622580      .54182700    
 .32329870      .51876310    
 .47223780      .52190990    
 .70335330      .54497410    
 .97265980      .54625800    
 1.1945610      .50360100    
 1.4262770      .45581530    
 1.5591610      .49571210    
 1.6568020      .58747780    
 1.8092080      .68218470    
 1.8978720      .76082300    
 1.8665820      .81740490    
 1.7382600      .84789920    
 1.7057880      .85200730    
 1.6253710      .84318450    
 1.5025490      .82526240    
 1.3231650      .79536110    
 1.1653520      .75011560    
 1.0338510      .70104780    
 .97868510      .67608840    
 .98476860      .69465660    
 1.0393730      .73606400    
 1.1218150      .77009100    
 1.2011220      .78121980    
 1.2648150      .76384200    
 1.2824910      .72481760    
 1.3214830      .68498660    
 1.3549730      .66801570    
 1.3997890      .68641010    
 1.4636600      .73809190    
 1.5538140      .80757850    
 7.2826350      .68207170    
 6.9585100      .65096740    
 6.8056840      .64705650    
 5.8478570      .66241770    
 4.1926670      .66258690    
 2.9442100      .67115620    
 1.8986350      .67678620    
 1.0096480      .67827730    
 .51244440      .67404470    
 .16422630      .66328190    
 .42224500      .63517760    
 .49317910      .59576670    
 .44679980      .53166850    
 .39417840      .47391040    
 .32380560      .46917330    
 .28668980      .46823770    
 .28749230      .50579710    
 .28310780      .53113270    
 .28357290      .53232800    
 .27693490      .52178090    
 .32615410      .49214380    
 .45670740      .46763070    
 .71587440      .50400350    
 1.0289930      .52420650    
 1.2831740      .47483700    
 1.8100000      .00000000    
 1.6558530      .49914960    
 1.7202860      .61404910    
 1.7781650      .70020090    
 1.8351810      .75456090    
 1.8237980      .78497150    
 1.6699070      .79385730    
 1.6016190      .78099510    
 1.4921730      .76369320    
 1.3479560      .74683670    
 1.1676380      .71979440    
 .91967130      .66391710    
 .74634250      .58354120    
 .65943980      .52785710    
 .71467580      .57139410    
 .84860610      .64063560    
 1.0112480      .69066740    
 1.1748060      .71122620    
 1.2872640      .69815640    
 1.4080240      .65836740    
 1.5031030      .62847400    
 1.5773890      .64322670    
 1.6400640      .69640050    
 1.6951240      .76631550    
 1.7543260      .83765440    
 8.7412990      .61665690    
 8.6677460      .61026460    
 8.5718000      .64016420    
 7.0592760      .66761510    
 5.0994960      .67278860    
 3.6264880      .67960300    
 2.3638690      .66406160    
 1.3058050      .63285110    
 .78615110      .59960860    
 .40058470      .58195410    
 .46758740      .57292160    
 .44768440      .57448770    
 .42769860      .57404610    
 .43961720      .56940280    
 .40326320      .56888510    
 .38475540      .56404570    
 .34204670      .55010190    
 .35394120      .50956010    
 .30984970      .46783250    
 .35192450      .47660210    
 .38994380      .45196990    
 .19000010      .00000000    
 .76244520      .47850110    
 1.0102570      .53901280    
 1.3005010      .52900730    
 1.5483680      .50778360    
 1.6561420      .56783780    
 1.7162420      .64898560    
 1.7252820      .70500210    
 1.7963450      .73352360    
 1.7618110      .73800480    
 1.5914340      .72140960    
 1.4879090      .68561420    
 1.3516220      .65810570    
 1.2333550      .65286330    
 1.0174840      .64532960    
 .74557650      .60078470    
 .54571180      .50248710    
 .79999920E-01  .00000000    
 .49946590      .47462790    
 .70157500      .55201260    
 .93737230      .60858920    
 1.1789820      .63847990    
 1.3895450      .62405470    
 1.5640540      .56466000    
 1.6984150      .51826780    
 1.7987380      .57747870    
 1.8735310      .67912210    
 1.9248340      .77452560    
 1.9622960      .85420280    
 10.291770      .50704020    
 10.320990      .53182750    
 9.4219150      .58855400    
 8.9894450      .65781950    
 6.6748010      .67880550    
 4.4843790      .65401830    
 2.9067090      .62261430    
 1.5535980      .55398260    
 .83052840      .48719030    
 .42434590      .47511270    
 .26235030      .47531300    
 .44236790      .53095360    
 .42701350      .59356780    
 .45964850      .63124010    
 .48172950      .64458350    
 .51226970      .63273240    
 .53079550      .58909220    
 .55438960      .49907750    
 .34000000      .00000000    
 .49541710      .46000210    
 .58010410      .48705760    
 .70022440      .48296540    
 .89461800      .53523140    
 1.0665650      .59001850    
 1.2958560      .60943520    
 1.4925490      .61840480    
 1.5993870      .64656180    
 1.6295200      .68352380    
 1.6685550      .70271390    
 1.7567200      .69336890    
 1.6534080      .67548910    
 1.5214530      .63563220    
 1.3778610      .57103420    
 1.2617840      .51929560    
 1.1027590      .55173240    
 .90759690      .58776850    
 .65972480      .57788970    
 .49770550      .52087800    
 .39412620      .46025030    
 .42487750      .45439890    
 .60591690      .46608020    
 .90539500      .52819140    
 1.2292560      .57871340    
 1.5069660      .56970350    
 1.7212120      .49500110    
 1.8900000      .00000000    
 1.9851590      .52895100    
 2.0612690      .66954230    
 2.1077770      .78025420    
 2.1368600      .86454370    
 12.740000      .00000000    
 11.842790      .39588640    
 10.303060      .45013410    
 9.1132760      .53598790    
 6.7284560      .58877590    
 4.9517620      .62190930    
 3.2454910      .59363410    
 1.8819280      .49913730    
 .28000000      .00000000    
 .48628370      .40540030    
 .26000000      .00000000    
 .43928240      .49982630    
 .49905150      .60648890    
 .56569280      .66693990    
 .66985770      .69009160    
 .72815950      .68227710    
 .72808350      .64208530    
 .83875810      .56882560    
 .78588100      .50881250    
 .78725040      .52992580    
 .78243260      .55947890    
 .92218830      .57453420    
 1.0560210      .60359690    
 1.1394170      .64139720    
 1.2970470      .66632280    
 1.4031030      .68236150    
 1.4761170      .69212190    
 1.5275840      .69128840    
 1.5748620      .67226270    
 1.5937220      .63296170    
 1.5804280      .59401420    
 1.4640560      .55665670    
 1.3340630      .48329150    
 .92000010      .00000000    
 1.0061390      .48157090    
 .85969360      .55286420    
 .72762550      .57628730    
 .55519760      .56144120    
 .49297080      .52419080    
 .48817600      .46198700    
 .19000010      .00000000    
 .95936300      .47770750    
 1.3448410      .54413970    
 1.6512010      .54979970    
 1.8763830      .51557590    
 2.0273190      .49632320    
 2.1291040      .57576620    
 2.1967850      .69144410    
 2.2336480      .79398150    
 2.2553600      .87400290    
 6.4900000      .00000000    
 20.350000      .00000000    
 8.9000000      .00000000    
 8.3793320      .41920640    
 6.5195180      .54961080    
 4.5580610      .57398490    
 2.9685720      .57601510    
 1.7273360      .52414070    
 1.0849820      .46968560    
 .58396300      .46716250    
 .40635840      .47812680    
 .59830870      .54933790    
 .63651900      .62912210    
 .74496330      .68296880    
 .81588940      .70974270    
 .95592460      .71080640    
 1.0320830      .69131740    
 1.0809150      .65390340    
 .98377110      .62146070    
 1.0468050      .61247470    
 1.0706640      .61602010    
 1.0404960      .62135260    
 1.1073220      .63299110    
 1.1894040      .66005360    
 1.2391880      .68833300    
 1.3067570      .70115540    
 1.3500640      .69500970    
 1.3825300      .66713640    
 1.4643450      .61375120    
 1.4955450      .54586510    
 1.5168290      .48885980    
 1.4653480      .49396680    
 1.2961600      .48497900    
 1.1364200      .45945720    
 .97232870      .48792380    
 .87645960      .52927420    
 .79522900      .56671800    
 .67894020      .58605050    
 .66730180      .57594910    
 .75294770      .53309240    
 .86981080      .48897160    
 1.1638910      .50984020    
 1.5007190      .53173360    
 1.8236710      .53347680    
 2.0253050      .54032940    
 2.1453310      .57071570    
 2.2215540      .63624050    
 2.2713550      .72346130    
 2.2966120      .80923460    
 2.3229950      .88103760    
 15.770000      .00000000    
 7.5600000      .00000000    
 6.2600000      .00000000    
 7.9200000      .00000000    
 5.6880850      .50186870    
 3.8890180      .55241030    
 2.8663170      .57559100    
 1.8682300      .56334640    
 1.1655370      .55042990    
 .73164980      .55348460    
 .50527480      .56953910    
 .73434030      .60401910    
 .91091190      .64421740    
 .98320980      .66933540    
-.96077920E-02  .69058820    
 .10736040      .70413060    
 .26082750      .70823620    
 1.1422750      .69226870    
 1.0814050      .67598290    
 1.0242650      .66119400    
 .96897950      .64004330    
 .94798870      .61502120    
 1.0774800      .60716100    
 1.0095710      .63336470    
 1.1991480      .66901730    
 1.1975520      .68391350    
 1.1938610      .66475780    
 1.1878390      .61507580    
 1.2422350      .54722120    
 1.3240210      .46877400    
 1.7000000      .00000000    
 1.3266640      .46572730    
 1.2519080      .51369030    
 1.1440830      .51113000    
 1.0487720      .48618710    
 .93365740      .47307720    
 .90180410      .53265550    
 .84582340      .59636960    
 .89021500      .62348820    
 1.0178590      .61585090    
 1.1766690      .58730270    
 1.4229110      .55686930    
 1.7170520      .51130060    
 1.9739790      .47602040    
 2.1440620      .51796170    
 2.2049110      .58759960    
 2.2439570      .65971480    
 2.2723400      .73638820    
 2.3081620      .81241380    
 2.3180030      .87959220    
 8.8666200      .45648340    
 7.2199030      .39595980    
 2.5500000      .00000000    
 5.4357560      .40860190    
 4.8341530      .49480250    
 3.9356240      .54863750    
 2.7700870      .56308510    
 1.7663720      .55949900    
 1.1320360      .57022870    
 .77804670      .59276460    
 .59455100      .60849960    
 .96282720E-01  .61389800    
 .29732630      .61274330    
 .57492720      .62060490    
 .74374400      .63103620    
 .75837850      .65704680    
 1.2947290      .67701140    
 .77934850      .67854760    
 .74893630      .67862610    
 .74955120      .66366470    
 .66609470      .62234900    
 .71413660      .55621900    
 1.2432580      .51357810    
 1.1016680      .56293870    
 .97838520      .62744120    
 1.0565340      .65021600    
 1.0065680      .61849710    
 .93710490      .54187990    
 .93026450      .46794350    
 1.0341950      .45387600    
 1.1277560      .46004690    
 1.1306380      .51325400    
 1.1499760      .55093900    
 1.1115740      .53809990    
 1.0767940      .47245970    
 .96000000      .00000000    
 1.0308950      .50571650    
 .98950450      .61465980    
 1.0578770      .67081410    
 1.2498180      .68139650    
 1.3772290      .65755580    
 1.5975420      .60001520    
 1.8430030      .49937180    
 2.4700000      .00000000    
 2.1488330      .48287710    
 2.1372040      .57332550    
 2.1988120      .64422120    
 2.2150790      .71762660    
 2.2336150      .79430060    
 2.2368160      .86544260    
 8.0606380      .52341020    
 7.2958020      .45451100    
 6.5898310      .42425440    
 5.6345510      .46903120    
 4.5867870      .51381240    
 3.8081100      .54637210    
 2.4893270      .51736340    
 1.5597590      .49123740    
 1.0425670      .53357110    
 .79021260      .58751520    
-.24781250      .60668900    
 .38138390      .59162160    
 .67128920      .54369210    
 1.0622670      .50530310    
 1.5615400      .54380100    
 2.2551000      .59343520    
 1.9604990      .59956590    
 2.0118230      .64915170    
 1.9117540      .64147900    
 1.6162980      .63838370    
 1.4137210      .59876660    
 1.7509920      .50687820    
 1.3400000      .00000000    
 1.2119110      .50939570    
 .96189480      .59756820    
 .78095790      .61902090    
 .84375500      .57720080    
 .72793110      .48257900    
 .28000000      .00000000    
 .72879090      .45829810    
 .85352790      .52687960    
 .92688210      .57116400    
 1.0268260      .58683760    
 1.0643470      .56324580    
 1.1090100      .51210980    
 1.1375360      .48494670    
 1.0710590      .55497150    
 1.0990520      .64872550    
 1.1700500      .71534850    
 1.2677830      .73587440    
 1.5287480      .71713090    
 1.5925920      .65340760    
 1.7953030      .56280340    
 1.9628910      .48988700    
 2.0105130      .50446580    
 2.0113180      .54397740    
 2.0533230      .59006910    
 2.0774250      .66306880    
 2.1263050      .75350650    
 2.1542690      .83866850    
 7.9334290      .54763610    
 7.5777820      .46166290    
 6.3677840      .42408690    
 6.0382390      .46903120    
 4.6458330      .50852720    
 3.5640190      .52901770    
 2.4676970      .48232490    
 .71000000      .00000000    
 .91477010      .49409800    
 .72681110      .57124020    
 .22838090      .58899440    
 .81293740      .56010450    
 1.2951470      .48249400    
 1.2700000      .00000000    
 2.7726380      .45988140    
 3.1720740      .49024220    
 3.1018990      .48789220    
 2.7163100      .52959050    
 2.4507900      .58295390    
 2.1820610      .61054400    
 1.7605300      .59542360    
 1.4967770      .55005390    
 1.5581460      .50777610    
 1.1819850      .55174020    
 .97757640      .60112010    
 .76016020      .59974440    
 .66284290      .55241320    
 .57216660      .48519820    
 .48532940      .45477970    
 .54569350      .50835410    
 .65933180      .57206620    
 .76298820      .60540840    
 .92376650      .60238310    
 1.0062160      .56773130    
 1.0829580      .53418760    
 1.1342050      .54474440    
 1.1508050      .60695090    
 1.1612410      .68407480    
 1.2072430      .74740680    
 1.2370440      .77438360    
 1.3488720      .76086760    
 1.4523670      .70886510    
 1.6418480      .63630140    
 1.7238310      .56774190    
 1.7527270      .52064110    
 1.7807240      .48814130    
 1.8362140      .48803390    
 1.9018030      .57899500    
 1.9627080      .70222370    
 2.0350240      .80836400    
 7.2423440      .52216360    
 6.7022820      .40613830    
 8.7100000      .00000000    
 6.0985130      .40613830    
 4.4253990      .48175620    
 3.3416250      .53457560    
 2.3604250      .52962820    
 1.4349860      .49088470    
 .97318380      .53034280    
 .95501420      .56836030    
 .97579590      .56322820    
 1.3437610      .53078800    
 2.2619000      .48922530    
 3.1818560      .45478460    
 4.2166740      .46300560    
 4.8138870      .43284120    
 2.9900000      .00000000    
 3.7782790      .41338440    
 3.2135470      .49278390    
 2.7401140      .56134560    
 2.0322040      .59744780    
 1.5962790      .60629050    
 1.7171360      .60393970    
 1.2282170      .61765350    
 .77481260      .62275150    
 .68875170      .59116220    
 .45260420      .52054530    
 .41561450      .45860600    
 .38946820      .48485460    
 .44968270      .54678620    
 .54396560      .59653280    
 .64643990      .61519630    
 .83572590      .59084800    
 .93971430      .53011230    
 1.0367060      .48288520    
 1.1113100      .53240570    
 1.1388390      .62062320    
 1.2044810      .70244910    
 1.1870010      .76091410    
 1.1854940      .79022590    
 1.2883470      .78299300    
 1.3695850      .74642750    
 1.3960680      .68122590    
 1.4711830      .59899460    
 1.4444550      .50389380    
 1.4478290      .41364670    
 1.6600000      .00000000    
 1.7327420      .51659410    
 1.8319470      .67148880    
 1.9127580      .79076500    
 6.1779070      .49928650    
 5.5400000      .00000000    
 10.270000      .00000000    
 3.6100000      .00000000    
 3.7517470      .46070560    
 2.8688700      .54427120    
 2.1023480      .56761040    
 1.4095810      .56975560    
 1.0403760      .57499490    
 .80896740      .56413840    
 .84623270      .51926790    
 1.7527260      .47097330    
 2.9488010      .48616300    
 4.3813380      .50554810    
 5.9585740      .49550370    
 7.3996010      .43721010    
 7.6352780      .36034150    
 2.9600000      .00000000    
 4.2132100      .40566560    
 3.0835450      .50784130    
 2.2914580      .59039990    
 1.7021190      .63680180    
 1.7462350      .64978270    
 1.2189120      .65396960    
 .81784810      .64028680    
 .60710590      .59132640    
 .36438010      .49599500    
 .89999910E-01  .00000000    
 .31451650      .48041410    
 .40048540      .55980060    
 .47648970      .59879270    
 .58191610      .60114570    
 .76277490      .56824910    
 .87639270      .48855350    
 .99000000      .00000000    
 1.0618740      .50634400    
 1.0738830      .62158050    
 1.1581710      .70304350    
 1.1239710      .75304140    
 1.1099570      .77697340    
 1.1488520      .77873470    
 1.2013620      .75594220    
 1.2431480      .70455780    
 1.2448260      .61796090    
 1.1647780      .49661380    
 .62000000      .00000000    
 1.3456020      .43171420    
 1.5630100      .55394260    
 1.7088770      .68741850    
 1.8350640      .79818490    
 5.0153990      .55131830    
 4.8802550      .42193900    
 2.7400000      .00000000    
 4.0020760      .41031200    
 3.3038760      .50218590    
 2.5414750      .56955830    
 1.8546910      .59363350    
 1.3266790      .59533210    
 1.0242300      .58766650    
 .48878800      .55725510    
 1.1535940      .48236410    
 1.1100000      .00000000    
 3.3731200      .47755030    
 5.2501570      .54046330    
 7.1911310      .53094180    
 9.4266190      .45152090    
 19.440000      .00000000    
 9.0800000      .00000000    
 4.9200000      .00000000    
 3.4484270      .47570300    
 2.4684710      .58353970    
 1.7575390      .63949630    
 1.6591160      .65295640    
 1.1577060      .65135690    
 .74692630      .63904270    
 .52939940      .60523750    
 .32326160      .54796030    
 .30103210      .50098760    
 .31384130      .53380260    
 .36691250      .57362260    
 .44877490      .57787340    
 .54624400      .56377980    
 .68941390      .54863380    
 .80684900      .51801030    
 .88313190      .49663190    
 .95168550      .55647180    
 .97628770      .63446540    
 .98464010      .69205050    
 1.0096700      .71841590    
 .96047970      .73206070    
 .99120570      .74101600    
 1.0386360      .73852770    
 1.0771600      .71198590    
 1.0888730      .65314300    
 1.0550520      .56876700    
 1.0648410      .50800150    
 1.2439160      .54832790    
 1.4948080      .63743200    
 1.6867630      .73748090    
 1.8325760      .82771700    
 3.9894290      .64247380    
 3.8193420      .54758680    
 3.6820530      .49318080    
 3.3179350      .52071980    
 2.7171890      .56891990    
 2.1881230      .59132960    
 1.6366910      .58386770    
 1.1948930      .56848280    
 .95540140      .56235020    
 .67157100      .54834440    
 1.3180920      .51210180    
 2.2172250      .48602580    
 3.2981290      .53144440    
 5.3743550      .58969120    
 7.3183220      .58855180    
 8.8516690      .51745210    
 9.1947220      .41887230    
 2.9700000      .00000000    
 4.6449340      .40526290    
 3.4148050      .50438380    
 2.4329780      .59119810    
 1.5294880      .61795770    
 1.5149330      .61520580    
 1.0201160      .60514490    
 .68006410      .61184170    
 .48641300      .62086260    
 .31725590      .61405900    
 .36290860      .60099410    
 .33624680      .59908740    
 .36886200      .58378920    
 .43636570      .53330990    
 .53463090      .48715230    
 .64149370      .51804290    
 .73655780      .55877570    
 .83669270      .58676050    
 .87499680      .62308240    
 .77880640      .65887800    
 .79646030      .66762660    
 .78277730      .65569990    
 .73674520      .64968570    
 .79061580      .67274990    
 .82631910      .70291550    
 .87193120      .71252840    
 .91543420      .69370220    
 .96446220      .65940210    
 1.0949330      .63877640    
 1.2670850      .66374540    
 1.4669660      .72309570    
 1.6643340      .79532980    
 1.8183510      .86500790    
 3.1911300      .73554070    
 3.0901260      .66906480    
 2.8936470      .62716590    
 2.6689000      .61745970    
 2.4699190      .61870960    
 2.1172430      .59696330    
 1.5600800      .53665860    
 1.1338970      .48425820    
 .83124720      .49716630    
 .78181680      .51751270    
 1.2200140      .53467490    
 1.9692770      .55731900    
 3.0518280      .59088050    
 4.5597000      .61484500    
 5.9053750      .61271940    
 6.7012550      .56946900    
 6.8051930      .50822810    
 5.3681760      .46092250    
 4.3104190      .48778370    
 3.2276170      .53648170    
 2.3100450      .57827820    
 1.3835950      .58273030    
 1.3161890      .54425380    
 .82945950      .50731080    
 .52376400      .55464370    
 .43802600      .61657360    
 .39547930      .64947330    
 .43670390      .65637850    
 .41350670      .64209470    
 .43767670      .59546570    
 .46647480      .50087390    
 .22000000      .00000000    
 .62694280      .49762790    
 .72603150      .59089390    
 .78992140      .64204450    
 .79159460      .66673580    
 .67994050      .66761970    
 .62457320      .63142280    
 .56159910      .56647590    
 .53372050      .52210500    
 .53944390      .57640530    
 .61461850      .65267080    
 .70562820      .70059980    
 .74196410      .71571900    
 .94142200      .71487660    
 1.0893760      .71788630    
 1.2686150      .74163720    
 1.4593240      .78642690    
 1.6394530      .84160110    
 1.7988330      .89676680    
 2.6071710      .80407910    
 2.5861900      .75236980    
 2.4377260      .70939220    
 2.2579840      .67714770    
 2.2002770      .64481930    
 1.8724170      .58913010    
 1.4901200      .49248000    
 1.0100000      .00000000    
 .83429010      .42660970    
 .63132100      .45222870    
 .96322640      .51165290    
 1.6692490      .57564840    
 2.4664660      .61414560    
 3.6663940      .62686790    
 4.4791980      .62220470    
 4.9876440      .60079490    
 5.2593020      .57201730    
 4.5091680      .54078020    
 3.4351490      .52971080    
 2.9755020      .53656210    
 2.1275720      .55504390    
 1.2781620      .55267260    
 1.1650300      .49028700    
 .16000010      .00000000    
 .40291700      .51097760    
 .33066360      .61344120    
 .26678900      .66789640    
 .31449580      .68385260    
 .35995050      .66499040    
 .40406050      .61705200    
 .70958050      .54563860    
 .70271750      .50202670    
 .74864020      .55633920    
 .77152670      .63439270    
 .79293800      .68083290    
 .74712060      .69169220    
 .57854890      .66751690    
 .50070930      .59926850    
 .38152590      .49214770    
 .59999940E-01  .00000000    
 .33175850      .49668850    
 .44518080      .60485260    
 .52416680      .67602400    
 .65610250      .71345760    
 .89804590      .73034350    
 1.0693340      .74513910    
 1.2572310      .77223980    
 1.4488710      .81431280    
 1.6257830      .86427700    
 1.7839110      .91260320    
 2.1184520      .83603790    
 2.3130630      .79006690    
 2.0887180      .73917540    
 2.1963750      .69332100    
 1.9774760      .64428110    
 1.7909940      .58510600    
 1.4844160      .51422760    
 1.1238600      .45311820    
 .78682150      .42718380    
 .17000010      .00000000    
 .67449990      .48919600    
 1.1641240      .57540940    
 1.7351770      .60694810    
 2.3204750      .60179500    
 2.8739880      .58891110    
 4.0051460      .59623770    
 3.7899860      .58662400    
 3.5562800      .56067170    
 2.8533310      .51388030    
 2.3169580      .47869740    
 1.8052540      .51479080    
 1.1410840      .54393730    
 1.0887770      .52227030    
 .81238540      .49626550    
 .57662110      .55278870    
 .51581880      .62747900    
 .43518470      .67342790    
 .54556140      .68475020    
 .55302080      .66869470    
 .62360420      .62936750    
 .69399200      .59132150    
 .89241950      .58601740    
 .87817230      .62395270    
 .84246420      .67824500    
 .79076960      .71224980    
 .64105700      .70938210    
 .47124480      .65967070    
 .38271500      .57474090    
 .27831670      .48547090    
 .23667030      .43808060    
 .25688770      .48531900    
 .37400960      .57032650    
 .54229800      .64279440    
 .70756350      .68605970    
 .87831210      .70539560    
 1.0586820      .72215680    
 1.2491840      .75440820    
 1.4398430      .80295010    
 1.6134690      .85747950    
 1.8133260      .90682690    
 1.7012810      .82795880    
 1.9209520      .77676580    
 1.9164750      .71839520    
 2.0711990      .65532770    
 1.9558760      .60202760    
 1.7012860      .55920890    
 1.4846880      .53291830    
 1.1513050      .51955900    
 .81921680      .50164510    
 .58898140      .48987280    
 .52267770      .53975110    
 .76956300      .58784820    
 1.0986020      .58540090    
 1.4063930      .53952200    
 1.7339300      .49883940    
 2.2957400      .53626840    
 2.6209470      .57415360    
 2.5061460      .56409920    
 2.2801630      .49212420    
 2.1700000      .00000000    
 1.5476280      .48798880    
 1.5341960      .55651500    
 1.2178500      .57251450    
 1.1126150      .57508200    
 .97239080      .59984420    
 .79938410      .63206150    
 .67918830      .65451620    
 .75173320      .65857550    
 .75053600      .64203910    
 .79433870      .60550730    
 .89012210      .57964570    
 .86917980      .59721780    
 1.0062810      .64966720    
 .89516190      .70283500    
 .80857910      .72926180    
 .60409530      .71506740    
 .48645930      .64739800    
 .35860670      .54107450    
 .28865720      .44847940    
 .26402620      .42967160    
 .29020500      .44525910    
 .38616570      .52399680    
 .55288120      .60283550    
 .71815110      .64015070    
 .87734470      .64249350    
 1.0417270      .64672860    
 1.2190760      .68593420    
 1.3984500      .74994600    
 1.6089150      .81359210    
 1.7682620      .87250350    
 1.6813360      .77835770    
 1.7096710      .71563670    
 1.7959570      .64608110    
 1.9026960      .57882290    
 1.9094430      .51904080    
 1.8309280      .47815640    
 1.5027580      .50788840    
 1.1776630      .55075940    
 .88411080      .57502510    
 .68262730      .58925470    
 .68523250      .60705640    
 .56544130      .60545830    
 .62395680      .56746970    
 .62077210      .48317660    
 .33000000      .00000000    
 1.2501960      .49147800    
 1.4710530      .57353940    
 1.5353440      .59156550    
 1.7839020      .55318020    
 1.5816320      .51130700    
 1.9542230      .54521500    
 1.8425700      .58570570    
 1.4710680      .59666340    
 1.4372380      .59462300    
 1.3711760      .59784020    
 1.1401830      .59690120    
 1.0603930      .59466300    
 .97286360      .60135790    
 .96695170      .58858550    
 1.0072490      .53860840    
 1.0698260      .49826840    
 1.0000170      .55223790    
 1.0650320      .64022150    
 .98531500      .70732840    
 .79348860      .74261120    
 .67095300      .72268890    
 .57569900      .64725550    
 .42976110      .51621510    
 .10999990      .00000000    
 .30508010      .39844790    
 .99999900E-01  .00000000    
 .52054950      .48527010    
 .70626140      .57204700    
 .81647600      .59195320    
 .93829940      .55478190    
 1.0648560      .52154560    
 1.1940380      .58411480    
 1.3824720      .67435150    
 1.5532850      .75317320    
 1.7043400      .82019790    
 1.3544970      .70632400    
 1.3774510      .63769410    
 1.4957620      .55131200    
 1.6764610      .47203440    
 1.6168010      .43067180    
 2.3400000      .00000000    
 1.5588030      .47214420    
 1.2330230      .56207760    
 1.2149740      .61633600    
 1.1468170      .64257530    
 1.1247590      .64593940    
 .97897620      .61653890    
 .80060990      .55724760    
 .75465850      .48726060    
 .57282290      .45887220    
 .75991740      .52230130    
 .90735700      .60031680    
 1.2663790      .63653800    
 1.7216840      .63393530    
 1.9317490      .62111220    
 2.1082580      .61861440    
 2.0799570      .61146250    
 2.1427660      .58512770    
 2.0204020      .56005590    
 1.9686060      .54362510    
 1.6039100      .51666380    
 1.2977300      .49049940    
 1.2005150      .52329000    
 1.1949880      .53742220    
 1.2108200      .48044540    
 1.3800000      .00000000    
 1.0496990      .50660740    
 .96536400      .62293220    
 1.0336680      .70352170    
 .83980800      .74696640    
 .70697240      .73564010    
 .61023570      .67427050    
 .52506640      .57440450    
 .49367680      .48780690    
 .26980780      .46928860    
 .35526810      .46826260    
 .72737620      .52180280    
 .88535460      .57229630    
 1.0046420      .56910500    
 1.0057100      .49709860    
 .93000010      .00000000    
 1.2096990      .50462090    
 1.3363110      .60881580    
 1.4799790      .68545310    
 1.6207340      .75530580    
 1.2413920      .61365630    
 1.3088080      .55814220    
 1.3533860      .47743370    
 1.3800000      .00000000    
 1.3915050      .41574440    
 1.4888340      .42974430    
 1.5296210      .48148620    
 1.4403170      .55783040    
 1.5516800      .62377740    
 1.6474310      .65839510    
 1.5677860      .65733900    
 1.3911400      .61139380    
 1.1212910      .52835510    
 .97404930      .45968320    
 .80120970      .48459330    
 .70492730      .55472870    
 .64495930      .62917300    
 1.5935650      .67522920    
 1.8580360      .69426410    
 2.1380070      .69256850    
 2.3360560      .67076490    
 2.4497740      .62211490    
 2.5265030      .54373990    
 2.5908110      .47709930    
 2.4678670      .46967200    
 2.1326250      .43761860    
 .79000000      .00000000    
 1.5036800      .46894630    
 1.4602020      .52330340    
 1.3600290      .50408630    
 1.2291370      .47532180    
 1.0570400      .53081360    
 .89458990      .62059530    
 1.0426630      .69660340    
 .84760460      .74700910    
 .77268250      .75100740    
 .43293760      .71176670    
 .38551450      .64853800    
 .43216290      .59034340    
 .35429730      .55746930    
 .63093200      .54942880    
 .97368420      .56614250    
 1.0728120      .58720680    
 1.1380730      .58113940    
 1.1675420      .53386960    
 1.1892090      .48762850    
 1.2219980      .51769600    
 1.3023250      .56350800    
 1.3811000      .60873010    
 1.5180050      .67743270    
 .86925220      .50180150    
 .74714430      .49815480    
 .80950200      .48808430    
 .95242170      .46008550    
 1.0968190      .46670390    
 1.2340200      .45747070    
 1.4398720      .45442010    
 1.8959880      .53042010    
 2.1485460      .60422960    
 2.2469330      .65017150    
 1.9845010      .65334010    
 1.8086780      .60176590    
 1.7337950      .50146690    
 .83999990      .00000000    
 .87015140      .47063900    
 .77383790      .56254120    
 1.1240590      .63587030    
 1.4188550      .69856200    
 1.6486580      .73321950    
 1.9681890      .73476190    
 2.4107480      .70109350    
 2.6241640      .62917270    
 2.8095090      .50848430    
 3.0400000      .00000000    
 3.0668490      .41184160    
 2.9120200      .40620110    
 2.4148540      .42470640    
 2.0320680      .49632500    
 1.7600290      .54627140    
 1.4552120      .54553570    
 1.2457500      .52698120    
 1.0421210      .54292050    
 .87153280      .60569100    
 .94991560      .68215510    
 .87063340      .74089550    
 .84419240      .75606440    
 .52772710      .73404430    
 .29929160E-01  .68957120    
 .25939080      .64110700    
 .65215490      .59708060    
 1.0665420      .56716810    
 1.0585610      .56135570    
 1.3010560      .58074470    
 1.3123210      .59596600    
 1.0513740      .58629420    
 1.2844210      .56421940    
 1.2716160      .54532830    
 1.2193560      .51704310    
 1.2500540      .50468870    
 1.3922680      .58827300    
 .16000010      .00000000    
 .42445520      .47755770    
 .53739440      .53205380    
 .71462600      .54120500    
 .93921330      .52369840    
 1.1450900      .46429460    
 .10999990      .00000000    
 2.6484030      .49041450    
 3.1795970      .57679090    
 3.4174820      .62394800    
 3.1294910      .63648600    
 2.5192740      .60328300    
 2.2254780      .53370800    
 1.4694650      .46938670    
 1.0958910      .48993240    
 .85665760      .54440340    
 .94133510      .61579000    
 1.3188120      .69318740    
 1.5839100      .74352100    
 1.8885020      .75534120    
 2.3559350      .72333360    
 2.6988760      .65378300    
 2.9495050      .55417570    
 3.2643000      .46762020    
 3.5119280      .42706010    
 4.8900000      .00000000    
 3.0344720      .46366540    
 2.4337250      .54650180    
 1.8929360      .58459860    
 1.5546120      .56863140    
 1.0109340      .51640180    
 .78261900      .48716010    
 .85839200      .55662970    
 .88923840      .65206280    
 .82095240      .72270210    
 1.0457300      .74763630    
 .45279800      .73239630    
 .36894360      .68954030    
 .87353160      .64049150    
 .85345660      .58537600    
 1.2791590      .52688460    
 1.4985280      .49065030    
 1.4220560      .53678320    
 1.3381430      .59094430    
 1.2322680      .60973760    
 1.1760290      .59873240    
 1.1273400      .56116240    
 .99624370      .48534050    
 .94000010      .00000000    
 1.3567510      .53403200    
 .39272050      .52177310    
 .31504390      .54764760    
 .44093760      .58723110    
 .69751420      .59548920    
 1.0777220      .57267060    
 1.5802800      .52055910    
 2.4525870      .47554290    
 3.5701750      .50381400    
 4.3435310      .53996900    
 4.5154380      .56400520    
 3.9737450      .58386670    
 3.7291560      .59148130    
 2.6488900      .55760770    
 1.8137770      .51587990    
 1.2549190      .48178900    
 .93342710      .47783150    
 1.1332740      .55943860    
 1.3047400      .66096280    
 1.5052610      .73485300    
 1.7843390      .75824890    
 2.2993610      .73387070    
 2.5041230      .68016330    
 2.9017080      .61384090    
 3.2462040      .55685510    
 3.3757460      .51355310    
 3.4009890      .49363330    
 3.0049940      .54622550    
 2.4770320      .60670540    
 2.0064590      .62613360    
 1.3316390      .59070700    
 .95473740      .50034640    
 .45000000      .00000000    
 .73202190      .51339670    
 1.0838380      .63327070    
 1.2381770      .70790460    
 .68137350      .71927380    
 1.3378900      .69459800    
 1.6915850      .65471730    
 1.3844900      .59058770    
 1.3438520      .54197750    
 1.4904560      .47417610    
 2.1300000      .00000000    
 1.7543090      .49504210    
 1.6171990      .57781730    
 1.4320930      .60765300    
 1.2838400      .60268690    
 1.0242370      .57608840    
 1.0393420      .53226200    
 1.1672970      .51041980    
 1.3733300      .59056500    
 .39620360      .64771120    
 .31022470      .63598550    
 .44335510      .63598350    
 .78386220      .62414410    
 1.3455610      .59847880    
 2.3292030      .57065670    
 3.4448760      .53389540    
 4.6833280      .50964060    
 5.6374270      .48228110    
 5.8265420      .46500170    
 4.8354050      .50255920    
 3.9275350      .54303350    
 2.7320020      .54527220    
 1.8327240      .51004450    
 1.2835390      .44451410    
 1.0200000      .00000000    
 .82809570      .50976580    
 1.3043810      .64203360    
 1.4973160      .72151730    
 1.6508330      .74767630    
 2.0727500      .72658840    
 2.3192270      .68232430    
 2.5633970      .63625190    
 2.8136960      .60537770    
 2.9864270      .59290060    
 3.0183120      .60042090    
 2.7880740      .63054540    
 2.4252550      .66184280    
 2.0418770      .66728920    
 1.4448220      .63079300    
 1.2017560      .56063900    
 .97664540      .50695610    
 1.2671490      .55130110    
 1.5593180      .62394820    
 1.6169610      .67238940    
 1.8330270      .68203460    
 2.5470830      .67366980    
 2.7036590      .57746650    
 2.3328880      .49711760    
 2.2549450      .49098830    
 2.2731610      .48245500    
 2.1342190      .47112830    
 1.8778000      .52634690    
 1.7831570      .57212530    
 1.4837860      .58126070    
 1.3165320      .57291950    
 1.2139850      .57569970    
 1.0469120      .58783630    
 1.2423400      .61603820    
 1.5179150      .67872580    
 .43687190      .73009490    
 .34713410      .69227680    
 .47746830      .65466280    
 .88482510      .61197800    
 1.5602250      .57676470    
 2.7846630      .56607410    
 4.0484870      .53549240    
 5.5391120      .47877340    
 6.9119550      .40009700    
 9.2700000      .00000000    
 5.1682380      .40554050    
 3.7154330      .48293570    
 2.5707780      .51537450    
 1.6899290      .48118870    
 1.0891540      .42324560    
 .86311670      .43496530    
 .70171320      .53040270    
 1.1476350      .63745510    
 1.2904760      .70958450    
 1.4949150      .72768520    
 1.8589630      .69852630    
 2.0779290      .64506130    
 2.2829230      .60366180    
 2.4901660      .60203920    
 2.6242600      .62401720    
 2.6209180      .64975540    
 2.5327150      .67411810    
 2.2980640      .69264970    
 2.0286140      .69365360    
 1.6185980      .67027650    
 1.1500670      .62850940    
 1.6589540      .59506100    
 2.1542170      .59519820    
 2.6288470      .61217380    
 2.6400510      .62990150    
 3.3441930      .66628560    
 3.6938840      .59866740    
 3.9470740      .49491410    
 .56999990      .00000000    
 3.1947110      .43841220    
 2.9814600      .48980040    
 2.5225370      .52450270    
 2.0612990      .55719850    
 2.1243360      .56649920    
 1.6518450      .53041700    
 1.2929310      .49443210    
 1.1783360      .54069220    
 1.2254300      .61229650    
 1.3999180      .67872520    
 1.6809800      .74694280    
 .68576470      .77143960    
 .45227230      .71306100    
 .55996950      .64118810    
 .88493010      .55511520    
 1.5485410      .49377660    
 2.7943220      .51142780    
 4.1595790      .51497130    
 5.7021480      .45065030    
 9.0100000      .00000000    
 8.0300000      .00000000    
 2.5200000      .00000000    
 3.2286590      .44962510    
 2.3649260      .50291880    
 1.4903310      .46612920    
 .46000000      .00000000    
 .75421460      .47042930    
 .79183890      .57020090    
 1.1030230      .65115700    
 1.3339150      .70044560    
 1.4060410      .70187090    
 1.5476600      .65469000    
 1.6878370      .57247300    
 2.0117000      .51110680    
 2.1930450      .54765160    
 2.3054230      .61174640    
 2.3361050      .65196000    
 2.2578480      .67081950    
 2.1678080      .68230470    
 1.8209610      .68784760    
 1.3063430      .68104700    
 1.2138850      .66193340    
 2.1700420      .62191780    
 2.8110390      .58849140    
 3.3538740      .56761230    
 4.0848100      .56108030    
 5.5194380      .57176400    
 5.7421120      .53475930    
 6.4596920      .47229170    
 5.8736870      .40854010    
 5.1649550      .40793280    
 3.9926490      .46373150    
 2.9577770      .52631430    
 2.2326120      .56725080    
 1.7442410      .56327690    
 1.9106790      .49200840    
 1.2100000      .00000000    
 1.4298550      .50926300    
 1.4795810      .62540660    
 1.6257720      .71537520    
 1.8777530      .79163850    
 .82842170      .78941650    
 .89404760      .70801450    
 .79653630      .61414730    
 .94064800      .49644930    
 .65000000      .00000000    
 2.5591570      .47146020    
 3.8057710      .51947800    
 4.9499220      .48841660    
 5.5168180      .40922350    
 3.5600000      .00000000    
 3.6582470      .40386000    
 2.7657750      .48300300    
 2.0444790      .52543470    
 1.3965630      .51346990    
 .94061430      .48700170    
 .92371460      .53726260    
 1.0577060      .60623100    
 1.1608680      .65911020    
 1.3455450      .68726780    
 1.3217760      .67732730    
 1.4883370      .61726060    
 1.5603030      .51003040    
 1.2100000      .00000000    
 1.9373420      .49803480    
 2.1383690      .58612950    
 2.1305590      .62382810    
 2.0858620      .62374740    
 2.0323870      .62133630    
 1.8321070      .64027960    
 1.2105410      .66307400    
 1.4823280      .65205170    
 2.2578820      .60818560    
 3.0740660      .54599030    
 4.1511530      .47414210    
 5.6797630      .47168730    
 7.2412070      .45588000    
 8.5057950      .46475360    
 9.1948320      .43848790    
 9.0149920      .38017300    
 7.9400000      .00000000    
 4.8324880      .40433830    
 3.1345080      .49666490    
 2.2893550      .57054700    
 2.0085740      .57708150    
 1.6704370      .53548880    
 1.9019680      .49858510    
 1.8161010      .55576530    
 1.8390230      .65041850    
 1.9096940      .73775090    
 2.1114730      .81698020    
 .90347420      .79036360    
 .98970540      .69504380    
 1.0013030      .58955090    
 1.0426820      .49581950    
 1.4634570      .45778140    
 2.3779860      .51122080    
 3.3037640      .56340060    
 3.9181890      .56066280    
 4.1014660      .51639790    
 3.7589790      .47848250    
 3.1676800      .49846890    
 2.4832720      .53500590    
 1.8681020      .55996940    
 1.3909920      .56423830    
 1.0014140      .57023240    
 .79281150      .59500440    
 1.0796910      .62599160    
 1.2631480      .64608620    
 1.2921290      .66021840    
 1.5146270      .64446160    
 1.6297640      .59748210    
 1.6660000      .52653490    
 1.7145650      .48178560    
 1.8958470      .52706510    
 2.0190480      .57934800    
 1.8186850      .58302570    
 1.8013230      .54228450    
 1.8094950      .50772290    
 1.6653700      .55847510    
 1.8288270      .61334720    
 1.9742940      .64442990    
 2.7217890      .59945940    
 3.5428160      .50706980    
 1.9800000      .00000000    
 7.3466420      .36602360    
 8.4800000      .00000000    
 10.230730      .38774170    
 11.040650      .39685500    
 18.640000      .00000000    
 8.3400000      .00000000    
 2.5100000      .00000000    
 2.9439040      .47873690    
 2.5305750      .57485650    
 2.0433860      .60549220    
 1.8393550      .59206230    
 2.2769310      .57637350    
 2.2088540      .60003200    
 2.2061500      .66384160    
 2.2560140      .74577270    
 2.4621370      .82294140    
 1.0175240      .78509110    
 .89621730      .67445360    
 .91672270      .55023630    
 1.0526830      .46406420    
 1.3493730      .48719050    
 1.9221420      .55770810    
 2.5042970      .61789180    
 3.0780220      .64050670    
 3.2300040      .62196730    
 3.1403830      .59714290    
 2.7602210      .57320720    
 2.2677100      .55808870    
 1.7469870      .55467330    
 1.3836970      .57100130    
 1.0764790      .59212720    
 1.1045340      .60412430    
 1.2156050      .60179130    
 1.3561630      .59810140    
 1.4997220      .60526570    
 1.7002610      .60068270    
 1.8482450      .56899180    
 1.8535060      .53363980    
 1.9167770      .53188930    
 1.8022260      .56116370    
 1.8085830      .58163350    
 1.7228590      .55708000    
 1.8053750      .47456490    
 1.7100000      .00000000    
 1.9206360      .48181030    
 2.1271880      .57194270    
 2.5210160      .60134010    
 3.0267500      .57468210    
 4.0320920      .50971880    
 5.5380240      .40302490    
 9.4200000      .00000000    
 18.760000      .00000000    
 5.2600000      .00000000    
 8.7768420      .39685500    
 8.7022960      .37836030    
 2.2800000      .00000000    
 3.5854970      .41184260    
 2.3925170      .52589550    
 2.2727200      .59772220    
 2.0303140      .62987760    
 1.9703740      .61643700    
 2.0683910      .58749720    
 2.6025930      .58616120    
 2.6194680      .63974440    
 2.6828130      .72555600    
 2.7043530      .81564480    
 1.0720210      .78130760    
 .94007190      .66259310    
 .89719260      .51631670    
 1.1000000      .00000000    
 1.1564070      .48325600    
 1.5060420      .58738270    
 2.1919340      .66571100    
 2.4710700      .69129760    
 2.6356740      .70333810    
 2.5974660      .66552030    
 2.5399890      .61126600    
 2.1109200      .53659810    
 1.7001710      .48946650    
 1.5498110      .53006650    
 1.3207460      .57711510    
 1.3570170      .58115800    
 1.3737330      .54009080    
 1.4525480      .49979420    
 1.6356080      .52890650    
 1.8891950      .54713150    
 2.0976240      .51440980    
 2.1478070      .47697220    
 2.1564000      .51784120    
 1.9528660      .57352850    
 1.9385970      .59141580    
 1.7698060      .55623560    
 1.8129290      .46930420    
 1.8650840      .40464530    
 1.9884320      .46360050    
 2.1990420      .54166890    
 2.7733080      .56736420    
 3.5131630      .58921270    
 4.1450680      .50690310    
 5.5787940      .44472940    
 6.8237430      .38632090    
 2.8200000      .00000000    
 7.1334920      .38652630    
 6.5055200      .43034390    
 5.6570950      .43002500    
 4.5524350      .43056550    
 3.0350460      .49373580    
 2.0684160      .60033380    
 2.2191040      .64225570    
 2.7176590      .65020720    
 2.7380570      .61677370    
 2.8507220      .54760530    
 2.9534750      .50538900    
 2.9157280      .57751840    
 2.8679860      .69394280    
 2.8700400      .79938400    
 1.1282160      .78071190    
 .99634170      .67042990    
 .89607880      .55279120    
 .91629460      .48032450    
 1.0437280      .52271120    
 1.2620090      .60674190    
 1.5841300      .68146090    
 1.8926470      .72740890    
 2.1800320      .73565750    
 2.1078810      .70288150    
 2.2313840      .63744470    
 2.0453450      .51497260    
 1.7800000      .00000000    
 1.3928170      .49145110    
 1.3216110      .56368880    
 1.4048540      .56611380    
 1.4604290      .49530270    
 1.3600000      .00000000    
 1.8188910      .48226000    
 2.1152240      .52392350    
 2.3538880      .47813930    
 2.8400000      .00000000    
 2.3610030      .50138740    
 2.2319530      .59071280    
 2.0796230      .61667140    
 1.9864670      .58150400    
 1.9748220      .48458070    
 1.8200000      .00000000    
 2.1686550      .46270200    
 2.4519430      .52709250    
 2.7482120      .52937710    
 3.5512310      .49148840    
 4.0959010      .44574020    
 5.2890930      .43982940    
 6.1503730      .44513620    
 5.5946440      .42911390    
 5.0478410      .44513620    
 4.4195860      .43309100    
 4.6422820      .42036490    
 3.2695340      .45410320    
 2.7061760      .53138880    
 1.8303840      .63656840    
 2.9075460      .66335680    
 2.7990410      .67048190    
 2.7878360      .61993460    
 2.9772040      .51404370    
 3.8100000      .00000000    
 3.0410050      .53062190    
 2.9661270      .67472080    
 2.7975410      .79018980    
 1.2513130      .77902150    
 1.0099240      .68186000    
 .82730660      .58763830    
 .76134850      .52894710    
 .83105490      .53553270    
 1.0175040      .60069660    
 1.2593110      .68132580    
 1.5027460      .74102460    
 1.9251510      .76675550    
 1.8335050      .73561870    
 1.6156600      .66519630    
 1.8393410      .57258210    
 1.5633790      .50206040    
 1.3424270      .53329960    
 1.3265200      .58095560    
 1.4425830      .58792070    
 1.6640080      .54721260    
 1.8327750      .50770040    
 2.0862350      .54057530    
 2.3684250      .56602260    
 2.5535140      .54346560    
 2.6691000      .51933630    
 2.5226260      .57728570    
 3.2706730      .64545090    
 3.9503470      .66915460    
 2.4974490      .63969480    
 2.6771820      .56754150    
 2.8462870      .50555880    
 2.9653560      .51966630    
 3.2332390      .53084560    
 3.4218750      .48774910    
 3.9603130      .40596440    
 2.3300000      .00000000    
 5.5759830      .39061370    
 5.7411940      .44690550    
 5.4625210      .47170630    
 4.6450410      .44759620    
 4.0181220      .39080440    
 3.5900000      .00000000    
 3.4477250      .40142870    
 2.8757610      .51096980    
 2.6506740      .63610330    
 2.8250890      .67486310    
 2.8534320      .69446740    
 2.8264830      .64575030    
 2.9261360      .56826630    
 2.9947100      .51656140    
 2.8741160      .58125790    
 2.7221370      .69160070    
 2.6406210      .79624990    
 1.4177730      .76282680    
 1.0759780      .66997310    
 .79556600      .57357490    
 .62846470      .49546650    
 .61780790      .47235780    
 .77114460      .54834360    
 .97695960      .65669790    
 1.1610650      .73272110    
 1.2966750      .76575080    
 1.2913300      .75253610    
 1.4695220      .69876770    
 1.4404960      .63225480    
 1.5684340      .58357620    
 1.4249880      .58002100    
 1.4969800      .60568570    
 1.6012360      .62536330    
 1.9073750      .62316820    
 2.1509050      .61993180    
 2.4277170      .63217570    
 2.6341010      .64491050    
 2.7531940      .64448620    
 2.8356420      .65023880    
 2.6942120      .68384170    
 3.4294220      .72203030    
 4.4367340      .73745990    
 5.3590540      .71442940    
 7.7554160      .66737720    
 8.1388990      .62395940    
 3.7810540      .59312300    
 4.0936110      .54992990    
 4.2852210      .46023020    
 4.2900000      .00000000    
 6.4100000      .00000000    
 7.7100000      .00000000    
 5.2920000      .44394940    
 5.3943630      .49087960    
 5.1027460      .44390210    
 3.6400000      .00000000    
 5.3100000      .00000000    
 2.2200000      .00000000    
 3.1473390      .47769990    
 2.8435090      .62635680    
 3.0153160      .68914070    
 2.4655040      .70116280    
 2.4250170      .67826780    
 2.4530680      .63468460    
 2.4817760      .61189960    
 2.4951540      .64719110    
 2.4494300      .72377350    
 2.4255410      .81032200    
 1.5345600      .72750710    
 1.1787280      .63403300    
 .90898730      .52321090    
 .56062870      .41832190    
 .31999990      .00000000    
 .64188580      .49514450    
 .74789450      .62184750    
 1.0058750      .71239630    
 1.1744860      .75607260    
 1.3046730      .75646630    
 1.4173940      .71446080    
 1.4262570      .65461590    
 1.4709260      .59680900    
 1.4276510      .57475770    
 1.4943330      .60009250    
 1.7793640      .64170410    
 2.0712540      .67171580    
 2.3846640      .68878930    
 2.6959630      .70092300    
 2.8978270      .71196750    
 3.0799920      .72093460    
 3.0614160      .73967180    
 3.2450870      .76578630    
 4.3729290      .78947940    
 5.7919970      .79789910    
 7.3004450      .77935220    
 8.6544380      .73606620    
 12.212670      .69228230    
 12.059860      .63463840    
 10.837750      .56913390    
 9.1134540      .50377120    
 5.9412350      .39968770    
 3.2100000      .00000000    
 5.5806260      .41011710    
 5.5753070      .49716140    
 5.5705590      .53502380    
 5.4588430      .49324290    
 5.7831530      .40588700    
 9.0800000      .00000000    
 4.4869520      .36560580    
 3.5211750      .48057230    
 3.2726010      .60850430    
 2.6839190      .67600280    
 2.4271600      .70391100    
 2.2338170      .68956520    
 1.9302810      .65886710    
 1.9939440      .64450190    
 2.0850470      .67424110    
 2.2577780      .73891060    
 2.3689910      .81748250    
 1.6562800      .67582850    
 1.3411900      .59286160    
 .98085810      .48210860    
 .34000000      .00000000    
 .58325060      .41267790    
 .65124520      .50570210    
 .72647230      .60067700    
 .84750340      .67761110    
 1.0538130      .73331820    
 1.1575770      .74597040    
 1.2750200      .71130850    
 1.3024810      .64434540    
 1.1873520      .55501340    
 1.3170680      .50004480    
 1.4918730      .55148850    
 1.7730990      .63141690    
 2.1738430      .68665860    
 2.5441690      .71566120    
 2.9107470      .72905720    
 3.1709460      .74064560    
 3.3547880      .75761620    
 3.3138490      .78312180    
 3.7133880      .81159070    
 5.4074010      .83589150    
 7.3404700      .83610190    
 8.8032890      .81844400    
 10.203490      .77056060    
 12.180740      .70148040    
 13.310300      .63267430    
 15.520850      .58889790    
 12.491380      .50737530    
 8.2251660      .45705000    
 8.1369110      .44750190    
 8.0771260      .51631840    
 8.4849000      .56912770    
 5.2426850      .60974240    
 5.3976620      .57707900    
 5.5406770      .50436950    
 4.9645280      .41080510    
 3.5100000      .00000000    
 3.4819110      .49105810    
 2.7010250      .60977460    
 2.5557220      .68313290    
 2.2048330      .70228120    
 1.7506190      .67897340    
 1.5681400      .63445070    
 1.5159920      .61463330    
 1.6074300      .64964620    
 1.9493550      .72293170    
 2.1168010      .80946470    
 1.7921640      .60689280    
 1.4907680      .55877540    
 1.1489220      .50716730    
 .85869030      .46382730    
 .73235650      .48250350    
 .69368530      .52112330    
 .72633030      .56822840    
 .80851070      .63203260    
 .96149560      .69757220    
 1.0346690      .72575300    
 1.0887270      .70502500    
 1.1058600      .63338760    
 1.1437080      .51337240    
 .99000000      .00000000    
 1.4673240      .50348590    
 1.8014940      .61065400    
 2.2331440      .67612310    
 2.6834790      .70661280    
 3.1804720      .71404490    
 3.4134130      .72309510    
 3.1353710      .74997910    
 3.3198510      .78666820    
 4.8123880      .82762400    
 6.5508200      .85072570    
 8.2367290      .84970830    
 9.1815320      .83542280    
 12.039200      .76069740    
 14.903490      .67511400    
 17.618200      .60680810    
 17.717340      .51163110    
 15.136850      .44757870    
 12.403970      .45705000    
 10.907710      .50737530    
 10.147140      .58889790    
 7.5656260      .61390230    
 3.9663600      .64157830    
 4.2296040      .61288880    
 4.0044260      .57160920    
 3.9974020      .50532240    
 3.6374340      .48058430    
 3.2578680      .55385820    
 2.5300230      .63160210    
 2.0484660      .69091980    
 1.7459230      .69489010    
 1.4627020      .65075370    
 1.2288380      .56935240    
 1.1403760      .51569480    
 1.3377990      .57808150    
 1.6720680      .68646820    
 1.7637940      .78908910    
 1.9671280      .50531230    
 1.6733570      .51701490    
 1.3497320      .54067490    
 1.0973610      .54225550    
 .90192040      .53207670    
 .79403870      .50439290    
 .75983820      .49047320    
 .80240710      .56302950    
 .88229540      .65268680    
 .92995040      .70055010    
 .94697090      .69609320    
 .96527580      .64089760    
 .87572340      .54988290    
 1.0760070      .48676600    
 1.4023260      .52629320    
 1.8041420      .59845360    
 2.3180820      .64912800    
 2.8669370      .66422350    
 3.4483540      .65191920    
 3.8088660      .64963190    
 3.9504430      .68540000    
 3.3678740      .74829190    
 4.8494350      .80865910    
 6.5938240      .84103860    
 8.0184120      .84470980    
 10.088660      .80842520    
 12.444090      .72302610    
 16.695520      .62717320    
 22.476770      .51570530    
 24.006760      .41147580    
 11.080000      .00000000    
 15.880420      .40052100    
 12.211840      .50615080    
 9.4944540      .62103080    
 8.2525330      .64495910    
 7.0315180      .63301280    
 3.6244510      .63640950    
 3.1661330      .59970970    
 3.1899990      .56350460    
 3.0619980      .56079520    
 2.9505680      .60666220    
 2.3908170      .64983920    
 1.8777520      .69109100    
 1.5316230      .68852080    
 1.3462450      .62987000    
 1.0797860      .51617720    
 .24000000      .00000000    
 1.2436230      .51697920    
 1.6378780      .65153720    
 1.8377000      .76455090    
 2.3300000      .00000000    
 1.8665240      .49310540    
 1.5730170      .56804470    
 1.3193560      .58891390    
 1.1076550      .56336810    
 .94336990      .48662550    
 .67000010      .00000000    
 .80916740      .50676540    
 .85005610      .61494990    
 .86656270      .67365730    
 .84513040      .68472620    
 .64366980      .64779620    
 .73383870      .58890620    
 .94610260      .53951280    
 1.3057220      .53655480    
 1.7836420      .57525510    
 2.3456730      .61252810    
 2.9958540      .60951530    
 3.6898320      .56228540    
 4.0981310      .52662600    
 4.1517480      .59353080    
 3.0242820      .69535980    
 5.0049380      .77631810    
 5.9909470      .82108760    
 7.0376770      .81547120    
 9.0524990      .76446100    
 11.566900      .67454960    
 15.731450      .54278360    
 22.350390      .41783640    
 58.320000      .00000000    
 17.190000      .00000000    
 22.750000      .00000000    
 13.339760      .47878850    
 8.3548810      .56648740    
 7.7615130      .61716720    
 6.3198620      .60257170    
 5.0958540      .58638160    
 2.4301380      .57203850    
 2.3823480      .55591290    
 2.5288580      .55879070    
 2.5694200      .60206240    
 2.1256950      .64405940    
 1.9870960      .67959820    
 1.6200700      .68043810    
 1.4169810      .63371350    
 1.2597430      .54859360    
 1.2423320      .48672220    
 1.4989280      .53572060    
 1.7921480      .63647800    
 1.9416600      .74191620    
 2.2277650      .52358140    
 2.0017800      .55854980    
 1.7506180      .61133410    
 1.5034250      .62864580    
 1.2753110      .60368250    
 1.0915520      .54241230    
 .94047000      .49230930    
 .86891350      .53128080    
 .83239910      .59616680    
 .81209900      .64376600    
 .78794730      .66017430    
 .52191040      .63799250    
 .59744890      .58715840    
 .77777370      .51878730    
 1.1189790      .47816640    
 1.6621890      .52440390    
 2.3707130      .57643560    
 3.0256630      .57508470    
 3.7211960      .50153990    
 5.1500000      .00000000    
 4.1642120      .53099100    
 2.4593580      .66211600    
 3.1976960      .74647350    
 5.0401300      .79312160    
 6.2734270      .78810100    
 7.9403910      .73520160    
 8.8875310      .63666030    
 10.960700      .48762160    
 2.7600000      .00000000    
 20.871920      .35322920    
 21.080000      .00000000    
 17.069690      .38849310    
 13.043370      .49155220    
 11.037980      .54384730    
 8.3325600      .56973670    
 5.5474940      .54014490    
 3.8258810      .48703320    
 1.7232360      .49822640    
 1.8755090      .49314540    
 1.9675120      .48017540    
 1.8834630      .53294920    
 2.0619270      .60376760    
 2.0321780      .65120760    
 1.9575700      .66502510    
 1.8734050      .63945360    
 1.6198470      .58710430    
 1.7230440      .53902570    
 1.9459790      .54513440    
 2.0999320      .61486700    
 2.1606700      .71561410    
 2.2716970      .64545580    
 2.0906940      .64228770    
 1.8808440      .65592580    
 1.6505110      .65857770    
 1.4454220      .63908340    
 1.2450680      .60060860    
 1.0808400      .56386800    
 .93976000      .55153430    
 .85078780      .56432760    
 .78090680      .59420450    
 .70964730      .61451750    
 .43904720      .60290930    
 .49931170      .56053320    
 .63697720      .47594460    
 .51000000      .00000000    
 1.5268700      .48086630    
 2.1948390      .56265340    
 2.8443630      .58227520    
 3.3974960      .54713080    
 3.7686700      .51416050    
 3.7796860      .57730470    
 1.7687610      .66901870    
 2.8787620      .73571190    
 3.3677430      .77157180    
 4.2669060      .76531270    
 5.3430570      .73128100    
 6.8575220      .62687520    
 7.9211390      .48632010    
 9.6901520      .38944190    
 12.825800      .38814600    
 14.167430      .38896200    
 13.705880      .39685500    
 12.376700      .47325250    
 9.6040790      .50403200    
 7.1176930      .50914670    
 4.3916370      .45402090    
 .18000010      .00000000    
 1.5094470      .44002390    
 1.5167690      .44127070    
 1.3700000      .00000000    
 1.8192650      .46571590    
 1.8834520      .54305240    
 1.9032680      .60184770    
 2.1798820      .64098480    
 2.1999280      .63775060    
 2.2810590      .59166370    
 2.2416850      .52377640    
 2.4450790      .48739210    
 2.4788970      .56476390    
 2.4378470      .68555300    
 2.3085990      .71994530    
 2.1598540      .69019340    
 1.9795130      .67137780    
 1.7688820      .65828410    
 1.5775380      .64453550    
 1.3870510      .62030520    
 1.2005950      .57934490    
 1.0349100      .52191620    
 .87468460      .48467750    
 .77090240      .51920270    
 .68634770      .55010740    
 .41950770      .54743950    
 .46608460      .52496390    
 .63634290      .47838600    
 .93215060      .44456940    
 1.4172310      .50000710    
 1.9833740      .57665610    
 2.5236550      .61842760    
 2.9041610      .62315700    
 3.1661490      .62171760    
 3.2591970      .64714990    
 1.2063570      .69117000    
 1.1638660      .72789070    
 1.9944080      .75266670    
 2.5084840      .74889860    
 3.0715410      .71698340    
 3.9532510      .64356480    
 4.8652510      .49815790    
 5.0500000      .00000000    
 8.3947770      .38999410    
 8.2050120      .36936000    
 5.3800000      .00000000    
 9.8217460      .39450530    
 8.2908960      .45432870    
 6.5136350      .45899560    
 4.2913770      .41873560    
 2.3697270      .42108150    
 1.9184110      .46908970    
 1.7080680      .47917330    
 1.6970850      .45140840    
 1.9721490      .45340950    
 2.1030500      .46880310    
 2.1425960      .54186990    
 2.1768470      .61281670    
 2.2853660      .63391180    
 2.6449770      .59788290    
 2.7784440      .50307540    
 3.3500000      .00000000    
 2.7740630      .53022840    
 2.6978480      .67561940    
 2.3323500      .75492630    
 2.2120190      .69639870    
 2.0510180      .64257670    
 1.8683740      .61172170    
 1.6807980      .61104390    
 1.4922080      .61035560    
 1.3002110      .57678200    
 1.1120750      .49162730    
 .80999990      .00000000    
 .80976930      .45872250    
 .54234830      .48261820    
 .45837760      .46364670    
 .50724940      .47415370    
 .68996390      .46140470    
 .95344250      .44285400    
 1.3374880      .50686310    
 1.7691460      .59652570    
 2.1960050      .65698030    
 2.4416450      .68109350    
 2.6045070      .68392360    
 2.6808590      .68411280    
 .74849650      .69086790    
 .89795590E-02  .70243850    
-.63128950E-01  .71897230    
 .36553140E-01  .72777990    
 .46691620      .71333250    
 1.2348810      .65112100    
 2.8034870      .57359730    
 5.2074100      .47322230    
 6.5052830      .41749050    
 5.5400000      .00000000    
 7.5300000      .00000000    
 10.200000      .00000000    
 7.8526680      .42629080    
 6.1242200      .43614900    
 4.6000000      .00000000    
 3.4357310      .46305560    
 2.6633450      .53449210    
 2.2426800      .55465220    
 2.0170740      .52894120    
 2.1749120      .46860870    
 2.7500000      .00000000    
 2.4377570      .50991830    
 2.4820420      .61277530    
 2.6263350      .65373190    
 2.8400540      .63659890    
 2.9234310      .57589290    
 3.0190040      .53287650    
 2.9557600      .60071770    
 2.8330270      .71064660    
 2.3359530      .76683810    
 2.2395860      .67755400    
 2.1074410      .57655200    
 1.9472370      .51189110    
 1.7824670      .54801300    
 1.6077070      .59524440    
 1.4465550      .59504260    
 1.2545720      .54654850    
 1.0939030      .49393840    
 .93103950      .49557490    
 .70154430      .46168250    
 .40000000      .00000000    
 .62636790      .44404950    
 .78754950      .44354930    
 .82999990      .00000000    
 1.2838560      .50532960    
 1.6121600      .62203940    
 1.8721800      .69261790    
 2.0452380      .71988620    
 2.1040950      .71224340    
 2.1209310      .68334840    
 .69714980      .65061810    
-.39530850      .63613100    
-1.2699650      .66095810    
-1.3759620      .69892980    
-.56989930      .71441050    
 2.5330000      .69211760    
 3.9295890      .67099880    
 5.2233580      .58750710    
 6.6928260      .50540540    
 8.5628810      .41329920    
 15.770000      .00000000    
 9.7406850      .40786720    
 7.9866190      .48084060    
 6.2564580      .50511370    
 5.5003080      .50625240    
 4.2233420      .56129520    
 3.3199540      .62010200    
 2.7337300      .64018270    
 2.2131020      .61664900    
 2.3498320      .56294440    
 2.4955390      .52676200    
 2.6921140      .58434870    
 2.7767940      .66159250    
 2.8849840      .70436220    
 3.0020070      .70727850    
 3.0148580      .68541940    
 3.0522540      .67537680    
 3.0120400      .71019260    
 2.9164440      .77637110    
 2.3179770      .77760440    
 2.2442860      .67085160    
 2.1374630      .53216590    
 1.9600000      .00000000    
 1.8636770      .51156080    
 1.7425200      .60512100    
 1.5884810      .64176340    
 1.4179290      .63577000    
 1.2676870      .61340310    
 1.1221080      .58961910    
 .96651640      .54603870    
 .84436550      .50262940    
 .85221220      .51742330    
 .96653880      .51975290    
 1.1037340      .51389630    
 1.3040490      .58515010    
 1.5208540      .67537020    
 1.6676380      .73443940    
 1.7376140      .75121650    
 1.6931600      .72503490    
 1.5992330      .66292690    
 1.1768260      .57706440    
 1.2678440      .52253850    
-1.3432950      .57872960    
 2.1344370      .66547480    
 1.5549860      .71888270    
 3.7805740      .73707500    
 4.9425110      .71981350    
 5.1538210      .69054590    
 6.6348710      .61728100    
 8.3301930      .54284190    
 9.3197230      .49973510    
 8.8796030      .53314420    
 8.8300830      .58688520    
 6.0662570      .61885010    
 5.9370660      .64879300    
 4.6780640      .68283060    
 3.7347090      .71818250    
 3.0628300      .73175840    
 2.4949480      .71771240    
 2.1843400      .68772950    
 2.5509200      .67426670    
 2.7588870      .69949500    
 2.9517590      .74234120    
 2.9805750      .77498240    
 3.0382830      .78675280    
 3.0503510      .78419950    
 3.0391920      .78564320    
 2.9956520      .80672220    
 2.9129940      .84519840    
 2.2891850      .80371340    
 2.2364770      .70749050    
 2.1589450      .59969180    
 2.0530410      .53489350    
 1.9373390      .58573960    
 1.8436930      .66241890    
 1.7204230      .70918530    
 1.5852530      .72397860    
 1.4826940      .71761980    
 1.3632850      .69764540    
 1.2614310      .66845130    
 1.1577540      .64487750    
 1.1268660      .64021500    
 1.1862050      .64310290    
 1.2647040      .65610020    
 1.3781300      .69685300    
 1.4959890      .74964230    
 1.5452470      .78535720    
 1.5325100      .78591410    
 1.4176870      .74310330    
 1.2811130      .65746280    
 1.0818560      .52941050    
 .34000000      .00000000    
 1.2888900      .52945410    
 1.9444090      .65736450    
 2.7259380      .73983450    
 3.7338020      .78193650    
 4.8729860      .78794220    
 6.1154080      .76571170    
 6.0981430      .72718890    
 7.0017660      .67969570    
 7.6478260      .65679360    
 7.4949990      .66937230    
 8.3452170      .70262580    
 7.1892900      .73538800    
 5.9691240      .76387110    
 4.8072110      .78826120    
 3.8991020      .80980340    
 3.2116650      .81820080    
 2.5990670      .81071590    
 2.4367190      .79776980    
 2.6044330      .79051080    
 2.8120260      .80267140    
 2.9760690      .82538390    
 3.0618370      .84661250    
 2.9915810      .85933380    
 2.9865860      .86352620    
 2.9757980      .86829860    
 2.9259590      .88155780    
 2.8525000      .90340650    
 2.2665310      .84469810    
 2.2317960      .77417140    
 2.1811900      .70882300    
 2.1060200      .67858490    
 2.0333240      .70092680    
 1.9463620      .74773280    
 1.8558340      .78686960    
 1.7949420      .80676800    
 1.6912700      .80814310    
 1.5950800      .79680800    
 1.5325530      .77926750    
 1.4502490      .76434840    
 1.3988780      .75816650    
 1.3959290      .75966970    
 1.4418490      .77136120    
 1.4867590      .79575230    
 1.5291930      .82394600    
 1.5071210      .83943240    
 1.4440430      .82711070    
 1.3025170      .77958360    
 1.1499940      .69846590    
 1.0807020      .59832270    
 .91799470      .53667270    
 1.2134540      .59780860    
 1.8160560      .69884400    
 2.6300600      .78041960    
 3.5591410      .82972800    
 4.5951890      .84811840    
 5.6857810      .84132620    
 4.9171700      .81595370    
 5.8623180      .79203460    
 6.2848880      .77875990    
 8.1554260      .78666030    
 7.5573130      .80430460    
 6.6852660      .82908240    
 5.7476220      .85018330    
 4.6638780      .86972350    
 3.8428810      .88356880    
 3.1947370      .88906340    
 2.6117590      .88523050    
 2.4462540      .87890050    
 2.6341950      .87636660    
 2.7949560      .88203830    
 2.9119330      .89427680    
 2.9499390      .90784360    
 2.9376630      .91760600    
 2.8720780      .92301390    
 2.8285780      .92793210    
 2.8090770      .93537990    
 2.7423790      .94729240    
